{"/Users/danielasilva/Desktop/Dogwarts/dogwarts-website/app/layout.tsx": {"path":"/Users/danielasilva/Desktop/Dogwarts/dogwarts-website/app/layout.tsx","statementMap":{"0":{"start":{"line":22,"column":24},"end":{"line":22,"column":35}},"1":{"start":{"line":15,"column":13},"end":{"line":15,"column":21}},"2":{"start":{"line":3,"column":22},"end":{"line":3,"column":null}},"3":{"start":{"line":4,"column":26},"end":{"line":4,"column":null}},"4":{"start":{"line":5,"column":26},"end":{"line":5,"column":null}},"5":{"start":{"line":6,"column":25},"end":{"line":6,"column":null}},"6":{"start":{"line":7,"column":7},"end":{"line":7,"column":null}},"7":{"start":{"line":9,"column":14},"end":{"line":13,"column":null}},"8":{"start":{"line":15,"column":34},"end":{"line":20,"column":null}}},"fnMap":{"0":{"name":"RootLayout","decl":{"start":{"line":22,"column":24},"end":{"line":22,"column":35}},"loc":{"start":{"line":26,"column":2},"end":{"line":35,"column":1}}}},"branchMap":{},"s":{"0":0,"1":0,"2":0,"3":0,"4":0,"5":0,"6":0,"7":0,"8":0},"f":{"0":0},"b":{}}
,"/Users/danielasilva/Desktop/Dogwarts/dogwarts-website/app/page.tsx": {"path":"/Users/danielasilva/Desktop/Dogwarts/dogwarts-website/app/page.tsx","statementMap":{"0":{"start":{"line":14,"column":24},"end":{"line":14,"column":null}},"1":{"start":{"line":3,"column":18},"end":{"line":3,"column":null}},"2":{"start":{"line":4,"column":23},"end":{"line":4,"column":null}},"3":{"start":{"line":5,"column":74},"end":{"line":5,"column":null}},"4":{"start":{"line":6,"column":22},"end":{"line":6,"column":null}},"5":{"start":{"line":7,"column":62},"end":{"line":7,"column":null}},"6":{"start":{"line":8,"column":17},"end":{"line":8,"column":null}},"7":{"start":{"line":9,"column":19},"end":{"line":9,"column":null}},"8":{"start":{"line":12,"column":28},"end":{"line":12,"column":null}},"9":{"start":{"line":15,"column":16},"end":{"line":15,"column":null}},"10":{"start":{"line":164,"column":14},"end":{"line":165,"column":null}},"11":{"start":{"line":258,"column":14},"end":{"line":259,"column":null}},"12":{"start":{"line":268,"column":24},"end":{"line":269,"column":null}}},"fnMap":{"0":{"name":"HomePage","decl":{"start":{"line":14,"column":24},"end":{"line":14,"column":null}},"loc":{"start":{"line":14,"column":24},"end":{"line":441,"column":null}}},"1":{"name":"(anonymous_3)","decl":{"start":{"line":163,"column":18},"end":{"line":163,"column":19}},"loc":{"start":{"line":164,"column":14},"end":{"line":165,"column":null}}},"2":{"name":"(anonymous_4)","decl":{"start":{"line":257,"column":18},"end":{"line":257,"column":19}},"loc":{"start":{"line":258,"column":14},"end":{"line":259,"column":null}}},"3":{"name":"(anonymous_5)","decl":{"start":{"line":267,"column":57},"end":{"line":267,"column":58}},"loc":{"start":{"line":268,"column":24},"end":{"line":269,"column":null}}}},"branchMap":{},"s":{"0":3,"1":1,"2":1,"3":1,"4":1,"5":1,"6":1,"7":1,"8":1,"9":4,"10":12,"11":9,"12":45},"f":{"0":4,"1":12,"2":9,"3":45},"b":{}}
,"/Users/danielasilva/Desktop/Dogwarts/dogwarts-website/app/blog/page.tsx": {"path":"/Users/danielasilva/Desktop/Dogwarts/dogwarts-website/app/blog/page.tsx","statementMap":{"0":{"start":{"line":7,"column":24},"end":{"line":7,"column":null}},"1":{"start":{"line":1,"column":23},"end":{"line":1,"column":null}},"2":{"start":{"line":2,"column":74},"end":{"line":2,"column":null}},"3":{"start":{"line":3,"column":22},"end":{"line":3,"column":null}},"4":{"start":{"line":4,"column":86},"end":{"line":4,"column":null}},"5":{"start":{"line":5,"column":17},"end":{"line":5,"column":null}},"6":{"start":{"line":8,"column":20},"end":{"line":72,"column":null}},"7":{"start":{"line":74,"column":21},"end":{"line":79,"column":null}},"8":{"start":{"line":184,"column":20},"end":{"line":184,"column":40}},"9":{"start":{"line":252,"column":42},"end":{"line":252,"column":55}},"10":{"start":{"line":253,"column":20},"end":{"line":255,"column":null}},"11":{"start":{"line":307,"column":20},"end":{"line":308,"column":null}}},"fnMap":{"0":{"name":"BlogPage","decl":{"start":{"line":7,"column":24},"end":{"line":7,"column":null}},"loc":{"start":{"line":7,"column":24},"end":{"line":440,"column":null}}},"1":{"name":"(anonymous_3)","decl":{"start":{"line":183,"column":42},"end":{"line":183,"column":43}},"loc":{"start":{"line":184,"column":20},"end":{"line":184,"column":40}}},"2":{"name":"(anonymous_4)","decl":{"start":{"line":251,"column":34},"end":{"line":251,"column":35}},"loc":{"start":{"line":251,"column":35},"end":{"line":267,"column":null}}},"3":{"name":"(anonymous_5)","decl":{"start":{"line":306,"column":45},"end":{"line":306,"column":46}},"loc":{"start":{"line":307,"column":20},"end":{"line":308,"column":null}}}},"branchMap":{"0":{"loc":{"start":{"line":142,"column":27},"end":{"line":142,"column":null}},"type":"binary-expr","locations":[{"start":{"line":142,"column":27},"end":{"line":142,"column":45}},{"start":{"line":142,"column":49},"end":{"line":142,"column":null}}]},"1":{"loc":{"start":{"line":187,"column":31},"end":{"line":187,"column":null}},"type":"binary-expr","locations":[{"start":{"line":187,"column":31},"end":{"line":187,"column":41}},{"start":{"line":187,"column":45},"end":{"line":187,"column":null}}]}},"s":{"0":0,"1":0,"2":0,"3":0,"4":0,"5":0,"6":0,"7":0,"8":0,"9":0,"10":0,"11":0},"f":{"0":0,"1":0,"2":0,"3":0},"b":{"0":[0,0],"1":[0,0]}}
,"/Users/danielasilva/Desktop/Dogwarts/dogwarts-website/app/contactos/page.tsx": {"path":"/Users/danielasilva/Desktop/Dogwarts/dogwarts-website/app/contactos/page.tsx","statementMap":{"0":{"start":{"line":14,"column":24},"end":{"line":14,"column":null}},"1":{"start":{"line":1,"column":23},"end":{"line":1,"column":null}},"2":{"start":{"line":2,"column":74},"end":{"line":2,"column":null}},"3":{"start":{"line":3,"column":22},"end":{"line":3,"column":null}},"4":{"start":{"line":4,"column":22},"end":{"line":4,"column":null}},"5":{"start":{"line":5,"column":22},"end":{"line":5,"column":null}},"6":{"start":{"line":6,"column":25},"end":{"line":6,"column":null}},"7":{"start":{"line":7,"column":78},"end":{"line":7,"column":null}},"8":{"start":{"line":8,"column":26},"end":{"line":8,"column":null}},"9":{"start":{"line":9,"column":85},"end":{"line":9,"column":null}},"10":{"start":{"line":10,"column":17},"end":{"line":10,"column":null}},"11":{"start":{"line":11,"column":18},"end":{"line":11,"column":null}},"12":{"start":{"line":12,"column":19},"end":{"line":12,"column":null}}},"fnMap":{"0":{"name":"ContactPage","decl":{"start":{"line":14,"column":24},"end":{"line":14,"column":null}},"loc":{"start":{"line":14,"column":24},"end":{"line":466,"column":null}}}},"branchMap":{},"s":{"0":0,"1":0,"2":0,"3":0,"4":0,"5":0,"6":0,"7":0,"8":0,"9":0,"10":0,"11":0,"12":0},"f":{"0":0},"b":{}}
,"/Users/danielasilva/Desktop/Dogwarts/dogwarts-website/app/faq/page.tsx": {"path":"/Users/danielasilva/Desktop/Dogwarts/dogwarts-website/app/faq/page.tsx","statementMap":{"0":{"start":{"line":8,"column":24},"end":{"line":8,"column":null}},"1":{"start":{"line":1,"column":23},"end":{"line":1,"column":null}},"2":{"start":{"line":2,"column":74},"end":{"line":2,"column":null}},"3":{"start":{"line":3,"column":22},"end":{"line":3,"column":null}},"4":{"start":{"line":4,"column":77},"end":{"line":4,"column":null}},"5":{"start":{"line":5,"column":78},"end":{"line":5,"column":null}},"6":{"start":{"line":6,"column":17},"end":{"line":6,"column":null}}},"fnMap":{"0":{"name":"FAQPage","decl":{"start":{"line":8,"column":24},"end":{"line":8,"column":null}},"loc":{"start":{"line":8,"column":24},"end":{"line":383,"column":null}}}},"branchMap":{},"s":{"0":0,"1":0,"2":0,"3":0,"4":0,"5":0,"6":0},"f":{"0":0},"b":{}}
,"/Users/danielasilva/Desktop/Dogwarts/dogwarts-website/app/servicos/page.tsx": {"path":"/Users/danielasilva/Desktop/Dogwarts/dogwarts-website/app/servicos/page.tsx","statementMap":{"0":{"start":{"line":10,"column":24},"end":{"line":10,"column":null}},"1":{"start":{"line":1,"column":23},"end":{"line":1,"column":null}},"2":{"start":{"line":2,"column":74},"end":{"line":2,"column":null}},"3":{"start":{"line":3,"column":22},"end":{"line":3,"column":null}},"4":{"start":{"line":4,"column":26},"end":{"line":4,"column":null}},"5":{"start":{"line":5,"column":94},"end":{"line":5,"column":null}},"6":{"start":{"line":6,"column":17},"end":{"line":6,"column":null}},"7":{"start":{"line":7,"column":18},"end":{"line":7,"column":null}},"8":{"start":{"line":8,"column":19},"end":{"line":8,"column":null}}},"fnMap":{"0":{"name":"ServicesPage","decl":{"start":{"line":10,"column":24},"end":{"line":10,"column":null}},"loc":{"start":{"line":10,"column":24},"end":{"line":659,"column":null}}}},"branchMap":{},"s":{"0":0,"1":0,"2":0,"3":0,"4":0,"5":0,"6":0,"7":0,"8":0},"f":{"0":0},"b":{}}
,"/Users/danielasilva/Desktop/Dogwarts/dogwarts-website/app/sobre/page.tsx": {"path":"/Users/danielasilva/Desktop/Dogwarts/dogwarts-website/app/sobre/page.tsx","statementMap":{"0":{"start":{"line":9,"column":24},"end":{"line":9,"column":null}},"1":{"start":{"line":1,"column":23},"end":{"line":1,"column":null}},"2":{"start":{"line":2,"column":74},"end":{"line":2,"column":null}},"3":{"start":{"line":3,"column":22},"end":{"line":3,"column":null}},"4":{"start":{"line":4,"column":90},"end":{"line":4,"column":null}},"5":{"start":{"line":5,"column":17},"end":{"line":5,"column":null}},"6":{"start":{"line":6,"column":18},"end":{"line":6,"column":null}},"7":{"start":{"line":7,"column":19},"end":{"line":7,"column":null}}},"fnMap":{"0":{"name":"AboutPage","decl":{"start":{"line":9,"column":24},"end":{"line":9,"column":null}},"loc":{"start":{"line":9,"column":24},"end":{"line":474,"column":null}}}},"branchMap":{},"s":{"0":0,"1":0,"2":0,"3":0,"4":0,"5":0,"6":0,"7":0},"f":{"0":0},"b":{}}
,"/Users/danielasilva/Desktop/Dogwarts/dogwarts-website/app/testemunhos/page.tsx": {"path":"/Users/danielasilva/Desktop/Dogwarts/dogwarts-website/app/testemunhos/page.tsx","statementMap":{"0":{"start":{"line":9,"column":24},"end":{"line":9,"column":null}},"1":{"start":{"line":1,"column":23},"end":{"line":1,"column":null}},"2":{"start":{"line":2,"column":74},"end":{"line":2,"column":null}},"3":{"start":{"line":3,"column":22},"end":{"line":3,"column":null}},"4":{"start":{"line":4,"column":52},"end":{"line":4,"column":null}},"5":{"start":{"line":5,"column":76},"end":{"line":5,"column":null}},"6":{"start":{"line":6,"column":17},"end":{"line":6,"column":null}},"7":{"start":{"line":7,"column":19},"end":{"line":7,"column":null}},"8":{"start":{"line":83,"column":24},"end":{"line":83,"column":38}},"9":{"start":{"line":162,"column":14},"end":{"line":162,"column":32}},"10":{"start":{"line":167,"column":24},"end":{"line":167,"column":38}}},"fnMap":{"0":{"name":"TestimonialsPage","decl":{"start":{"line":9,"column":24},"end":{"line":9,"column":null}},"loc":{"start":{"line":9,"column":24},"end":{"line":305,"column":null}}},"1":{"name":"(anonymous_3)","decl":{"start":{"line":82,"column":41},"end":{"line":82,"column":42}},"loc":{"start":{"line":83,"column":24},"end":{"line":83,"column":38}}},"2":{"name":"(anonymous_4)","decl":{"start":{"line":161,"column":18},"end":{"line":161,"column":19}},"loc":{"start":{"line":162,"column":14},"end":{"line":162,"column":32}}},"3":{"name":"(anonymous_5)","decl":{"start":{"line":166,"column":58},"end":{"line":166,"column":59}},"loc":{"start":{"line":167,"column":24},"end":{"line":167,"column":38}}}},"branchMap":{},"s":{"0":0,"1":0,"2":0,"3":0,"4":0,"5":0,"6":0,"7":0,"8":0,"9":0,"10":0},"f":{"0":0,"1":0,"2":0,"3":0},"b":{}}
,"/Users/danielasilva/Desktop/Dogwarts/dogwarts-website/components/contact-form.tsx": {"path":"/Users/danielasilva/Desktop/Dogwarts/dogwarts-website/components/contact-form.tsx","statementMap":{"0":{"start":{"line":17,"column":16},"end":{"line":17,"column":28}},"1":{"start":{"line":3,"column":25},"end":{"line":3,"column":null}},"2":{"start":{"line":4,"column":23},"end":{"line":4,"column":null}},"3":{"start":{"line":5,"column":22},"end":{"line":5,"column":null}},"4":{"start":{"line":6,"column":25},"end":{"line":6,"column":null}},"5":{"start":{"line":7,"column":74},"end":{"line":7,"column":null}},"6":{"start":{"line":8,"column":24},"end":{"line":8,"column":null}},"7":{"start":{"line":9,"column":28},"end":{"line":9,"column":null}},"8":{"start":{"line":10,"column":49},"end":{"line":10,"column":null}},"9":{"start":{"line":18,"column":16},"end":{"line":18,"column":null}},"10":{"start":{"line":19,"column":36},"end":{"line":19,"column":null}},"11":{"start":{"line":30,"column":6},"end":{"line":47,"column":null}},"12":{"start":{"line":38,"column":6},"end":{"line":45,"column":null}},"13":{"start":{"line":39,"column":8},"end":{"line":39,"column":null}},"14":{"start":{"line":40,"column":8},"end":{"line":40,"column":null}},"15":{"start":{"line":41,"column":8},"end":{"line":41,"column":null}},"16":{"start":{"line":42,"column":8},"end":{"line":42,"column":null}},"17":{"start":{"line":42,"column":25},"end":{"line":42,"column":46}},"18":{"start":{"line":44,"column":8},"end":{"line":44,"column":null}},"19":{"start":{"line":49,"column":2},"end":{"line":81,"column":null}}},"fnMap":{"0":{"name":"ContactForm","decl":{"start":{"line":17,"column":16},"end":{"line":17,"column":28}},"loc":{"start":{"line":17,"column":69},"end":{"line":205,"column":null}}},"1":{"name":"(anonymous_2)","decl":{"start":{"line":37,"column":14},"end":{"line":37,"column":21}},"loc":{"start":{"line":37,"column":21},"end":{"line":46,"column":null}}},"2":{"name":"(anonymous_3)","decl":{"start":{"line":42,"column":19},"end":{"line":42,"column":25}},"loc":{"start":{"line":42,"column":25},"end":{"line":42,"column":46}}}},"branchMap":{"0":{"loc":{"start":{"line":49,"column":2},"end":{"line":81,"column":null}},"type":"if","locations":[{"start":{"line":49,"column":2},"end":{"line":81,"column":null}}]},"1":{"loc":{"start":{"line":107,"column":25},"end":{"line":107,"column":null}},"type":"binary-expr","locations":[{"start":{"line":107,"column":25},"end":{"line":107,"column":36}},{"start":{"line":107,"column":40},"end":{"line":107,"column":null}}]},"2":{"loc":{"start":{"line":110,"column":38},"end":{"line":110,"column":74}},"type":"cond-expr","locations":[{"start":{"line":110,"column":52},"end":{"line":110,"column":71}},{"start":{"line":110,"column":71},"end":{"line":110,"column":74}}]},"3":{"loc":{"start":{"line":112,"column":36},"end":{"line":112,"column":null}},"type":"cond-expr","locations":[{"start":{"line":112,"column":50},"end":{"line":112,"column":65}},{"start":{"line":112,"column":65},"end":{"line":112,"column":null}}]},"4":{"loc":{"start":{"line":115,"column":15},"end":{"line":115,"column":26}},"type":"binary-expr","locations":[{"start":{"line":115,"column":15},"end":{"line":115,"column":26}}]},"5":{"loc":{"start":{"line":132,"column":25},"end":{"line":132,"column":null}},"type":"binary-expr","locations":[{"start":{"line":132,"column":25},"end":{"line":132,"column":37}},{"start":{"line":132,"column":41},"end":{"line":132,"column":null}}]},"6":{"loc":{"start":{"line":135,"column":38},"end":{"line":135,"column":75}},"type":"cond-expr","locations":[{"start":{"line":135,"column":53},"end":{"line":135,"column":72}},{"start":{"line":135,"column":72},"end":{"line":135,"column":75}}]},"7":{"loc":{"start":{"line":137,"column":36},"end":{"line":137,"column":null}},"type":"cond-expr","locations":[{"start":{"line":137,"column":51},"end":{"line":137,"column":67}},{"start":{"line":137,"column":67},"end":{"line":137,"column":null}}]},"8":{"loc":{"start":{"line":140,"column":15},"end":{"line":140,"column":27}},"type":"binary-expr","locations":[{"start":{"line":140,"column":15},"end":{"line":140,"column":27}}]},"9":{"loc":{"start":{"line":158,"column":23},"end":{"line":158,"column":null}},"type":"binary-expr","locations":[{"start":{"line":158,"column":23},"end":{"line":158,"column":35}},{"start":{"line":158,"column":39},"end":{"line":158,"column":null}}]},"10":{"loc":{"start":{"line":161,"column":36},"end":{"line":161,"column":73}},"type":"cond-expr","locations":[{"start":{"line":161,"column":51},"end":{"line":161,"column":70}},{"start":{"line":161,"column":70},"end":{"line":161,"column":73}}]},"11":{"loc":{"start":{"line":163,"column":34},"end":{"line":163,"column":null}},"type":"cond-expr","locations":[{"start":{"line":163,"column":49},"end":{"line":163,"column":65}},{"start":{"line":163,"column":65},"end":{"line":163,"column":null}}]},"12":{"loc":{"start":{"line":166,"column":13},"end":{"line":166,"column":25}},"type":"binary-expr","locations":[{"start":{"line":166,"column":13},"end":{"line":166,"column":25}}]},"13":{"loc":{"start":{"line":180,"column":21},"end":{"line":180,"column":null}},"type":"binary-expr","locations":[{"start":{"line":180,"column":21},"end":{"line":180,"column":35}},{"start":{"line":180,"column":39},"end":{"line":180,"column":null}}]},"14":{"loc":{"start":{"line":183,"column":42},"end":{"line":183,"column":81}},"type":"cond-expr","locations":[{"start":{"line":183,"column":59},"end":{"line":183,"column":78}},{"start":{"line":183,"column":78},"end":{"line":183,"column":81}}]},"15":{"loc":{"start":{"line":185,"column":32},"end":{"line":185,"column":null}},"type":"cond-expr","locations":[{"start":{"line":185,"column":49},"end":{"line":185,"column":67}},{"start":{"line":185,"column":67},"end":{"line":185,"column":null}}]},"16":{"loc":{"start":{"line":187,"column":13},"end":{"line":187,"column":27}},"type":"binary-expr","locations":[{"start":{"line":187,"column":13},"end":{"line":187,"column":27}}]},"17":{"loc":{"start":{"line":196,"column":22},"end":{"line":196,"column":null}},"type":"binary-expr","locations":[{"start":{"line":196,"column":22},"end":{"line":196,"column":34}},{"start":{"line":196,"column":34},"end":{"line":196,"column":null}}]},"18":{"loc":{"start":{"line":199,"column":13},"end":{"line":199,"column":null}},"type":"cond-expr","locations":[{"start":{"line":199,"column":28},"end":{"line":199,"column":44}},{"start":{"line":199,"column":44},"end":{"line":199,"column":null}}]}},"s":{"0":0,"1":0,"2":0,"3":0,"4":0,"5":0,"6":0,"7":0,"8":0,"9":0,"10":0,"11":0,"12":0,"13":0,"14":0,"15":0,"16":0,"17":0,"18":0,"19":0},"f":{"0":0,"1":0,"2":0},"b":{"0":[0],"1":[0,0],"2":[0,0],"3":[0,0],"4":[0],"5":[0,0],"6":[0,0],"7":[0,0],"8":[0],"9":[0,0],"10":[0,0],"11":[0,0],"12":[0],"13":[0,0],"14":[0,0],"15":[0,0],"16":[0],"17":[0,0],"18":[0,0]}}
,"/Users/danielasilva/Desktop/Dogwarts/dogwarts-website/components/error-boundary.tsx": {"path":"/Users/danielasilva/Desktop/Dogwarts/dogwarts-website/components/error-boundary.tsx","statementMap":{"0":{"start":{"line":19,"column":13},"end":{"line":19,"column":26}},"1":{"start":{"line":91,"column":16},"end":{"line":91,"column":31}},"2":{"start":{"line":3,"column":55},"end":{"line":3,"column":null}},"3":{"start":{"line":4,"column":23},"end":{"line":4,"column":null}},"4":{"start":{"line":5,"column":74},"end":{"line":5,"column":null}},"5":{"start":{"line":6,"column":41},"end":{"line":6,"column":null}},"6":{"start":{"line":21,"column":4},"end":{"line":21,"column":null}},"7":{"start":{"line":34,"column":2},"end":{"line":36,"column":null}},"8":{"start":{"line":35,"column":4},"end":{"line":35,"column":null}},"9":{"start":{"line":22,"column":4},"end":{"line":22,"column":null}},"10":{"start":{"line":26,"column":4},"end":{"line":26,"column":null}},"11":{"start":{"line":30,"column":4},"end":{"line":30,"column":null}},"12":{"start":{"line":31,"column":4},"end":{"line":31,"column":null}},"13":{"start":{"line":39,"column":4},"end":{"line":84,"column":null}},"14":{"start":{"line":40,"column":6},"end":{"line":42,"column":null}},"15":{"start":{"line":41,"column":8},"end":{"line":41,"column":null}},"16":{"start":{"line":74,"column":33},"end":{"line":74,"column":null}},"17":{"start":{"line":86,"column":4},"end":{"line":86,"column":null}},"18":{"start":{"line":92,"column":2},"end":{"line":95,"column":null}},"19":{"start":{"line":93,"column":4},"end":{"line":93,"column":null}}},"fnMap":{"0":{"name":"(anonymous_6)","decl":{"start":{"line":20,"column":2},"end":{"line":20,"column":14}},"loc":{"start":{"line":20,"column":28},"end":{"line":23,"column":null}}},"1":{"name":"(anonymous_7)","decl":{"start":{"line":34,"column":16},"end":{"line":34,"column":null}},"loc":{"start":{"line":34,"column":16},"end":{"line":36,"column":null}}},"2":{"name":"(anonymous_8)","decl":{"start":{"line":25,"column":2},"end":{"line":25,"column":9}},"loc":{"start":{"line":25,"column":55},"end":{"line":27,"column":null}}},"3":{"name":"(anonymous_9)","decl":{"start":{"line":29,"column":2},"end":{"line":29,"column":20}},"loc":{"start":{"line":29,"column":56},"end":{"line":32,"column":null}}},"4":{"name":"(anonymous_10)","decl":{"start":{"line":38,"column":2},"end":{"line":38,"column":11}},"loc":{"start":{"line":38,"column":11},"end":{"line":87,"column":null}}},"5":{"name":"(anonymous_11)","decl":{"start":{"line":74,"column":27},"end":{"line":74,"column":33}},"loc":{"start":{"line":74,"column":33},"end":{"line":74,"column":null}}},"6":{"name":"useErrorHandler","decl":{"start":{"line":91,"column":16},"end":{"line":91,"column":31}},"loc":{"start":{"line":91,"column":16},"end":{"line":96,"column":null}}},"7":{"name":"(anonymous_13)","decl":{"start":{"line":92,"column":9},"end":{"line":92,"column":10}},"loc":{"start":{"line":92,"column":24},"end":{"line":95,"column":null}}}},"branchMap":{"0":{"loc":{"start":{"line":39,"column":4},"end":{"line":84,"column":null}},"type":"if","locations":[{"start":{"line":39,"column":4},"end":{"line":84,"column":null}}]},"1":{"loc":{"start":{"line":40,"column":6},"end":{"line":42,"column":null}},"type":"if","locations":[{"start":{"line":40,"column":6},"end":{"line":42,"column":null}}]},"2":{"loc":{"start":{"line":57,"column":15},"end":{"line":57,"column":57}},"type":"binary-expr","locations":[{"start":{"line":57,"column":15},"end":{"line":57,"column":57}},{"start":{"line":57,"column":57},"end":{"line":57,"column":73}}]}},"s":{"0":0,"1":0,"2":0,"3":0,"4":0,"5":0,"6":0,"7":0,"8":0,"9":0,"10":0,"11":0,"12":0,"13":0,"14":0,"15":0,"16":0,"17":0,"18":0,"19":0},"f":{"0":0,"1":0,"2":0,"3":0,"4":0,"5":0,"6":0,"7":0},"b":{"0":[0],"1":[0],"2":[0,0]}}
,"/Users/danielasilva/Desktop/Dogwarts/dogwarts-website/components/language-selector.tsx": {"path":"/Users/danielasilva/Desktop/Dogwarts/dogwarts-website/components/language-selector.tsx","statementMap":{"0":{"start":{"line":7,"column":16},"end":{"line":7,"column":null}},"1":{"start":{"line":3,"column":23},"end":{"line":3,"column":null}},"2":{"start":{"line":4,"column":22},"end":{"line":4,"column":null}},"3":{"start":{"line":5,"column":28},"end":{"line":5,"column":null}},"4":{"start":{"line":8,"column":36},"end":{"line":8,"column":null}},"5":{"start":{"line":10,"column":25},"end":{"line":12,"column":null}},"6":{"start":{"line":11,"column":4},"end":{"line":11,"column":null}}},"fnMap":{"0":{"name":"LanguageSelector","decl":{"start":{"line":7,"column":16},"end":{"line":7,"column":null}},"loc":{"start":{"line":7,"column":16},"end":{"line":28,"column":null}}},"1":{"name":"(anonymous_2)","decl":{"start":{"line":10,"column":25},"end":{"line":10,"column":null}},"loc":{"start":{"line":10,"column":25},"end":{"line":12,"column":null}}}},"branchMap":{"0":{"loc":{"start":{"line":11,"column":16},"end":{"line":11,"column":null}},"type":"cond-expr","locations":[{"start":{"line":11,"column":36},"end":{"line":11,"column":43}},{"start":{"line":11,"column":43},"end":{"line":11,"column":null}}]},"1":{"loc":{"start":{"line":20,"column":39},"end":{"line":20,"column":82}},"type":"cond-expr","locations":[{"start":{"line":20,"column":59},"end":{"line":20,"column":70}},{"start":{"line":20,"column":70},"end":{"line":20,"column":82}}]},"2":{"loc":{"start":{"line":24,"column":9},"end":{"line":24,"column":null}},"type":"cond-expr","locations":[{"start":{"line":24,"column":29},"end":{"line":24,"column":36}},{"start":{"line":24,"column":36},"end":{"line":24,"column":null}}]}},"s":{"0":6,"1":2,"2":2,"3":2,"4":6,"5":6,"6":0},"f":{"0":6,"1":0},"b":{"0":[0,0],"1":[6,0],"2":[6,0]}}
,"/Users/danielasilva/Desktop/Dogwarts/dogwarts-website/components/navbar.tsx": {"path":"/Users/danielasilva/Desktop/Dogwarts/dogwarts-website/components/navbar.tsx","statementMap":{"0":{"start":{"line":15,"column":24},"end":{"line":15,"column":31}},"1":{"start":{"line":3,"column":25},"end":{"line":3,"column":null}},"2":{"start":{"line":4,"column":23},"end":{"line":4,"column":null}},"3":{"start":{"line":5,"column":24},"end":{"line":5,"column":null}},"4":{"start":{"line":6,"column":17},"end":{"line":6,"column":null}},"5":{"start":{"line":7,"column":18},"end":{"line":7,"column":null}},"6":{"start":{"line":8,"column":33},"end":{"line":8,"column":null}},"7":{"start":{"line":9,"column":28},"end":{"line":9,"column":null}},"8":{"start":{"line":16,"column":38},"end":{"line":16,"column":null}},"9":{"start":{"line":17,"column":16},"end":{"line":17,"column":null}},"10":{"start":{"line":19,"column":19},"end":{"line":25,"column":null}},"11":{"start":{"line":56,"column":14},"end":{"line":57,"column":null}},"12":{"start":{"line":81,"column":27},"end":{"line":81,"column":null}},"13":{"start":{"line":99,"column":16},"end":{"line":100,"column":null}},"14":{"start":{"line":106,"column":33},"end":{"line":106,"column":null}}},"fnMap":{"0":{"name":"Navbar","decl":{"start":{"line":15,"column":24},"end":{"line":15,"column":31}},"loc":{"start":{"line":15,"column":59},"end":{"line":128,"column":null}}},"1":{"name":"(anonymous_3)","decl":{"start":{"line":55,"column":26},"end":{"line":55,"column":27}},"loc":{"start":{"line":56,"column":14},"end":{"line":57,"column":null}}},"2":{"name":"(anonymous_4)","decl":{"start":{"line":81,"column":21},"end":{"line":81,"column":27}},"loc":{"start":{"line":81,"column":27},"end":{"line":81,"column":null}}},"3":{"name":"(anonymous_5)","decl":{"start":{"line":98,"column":28},"end":{"line":98,"column":29}},"loc":{"start":{"line":99,"column":16},"end":{"line":100,"column":null}}},"4":{"name":"(anonymous_6)","decl":{"start":{"line":106,"column":27},"end":{"line":106,"column":33}},"loc":{"start":{"line":106,"column":33},"end":{"line":106,"column":null}}}},"branchMap":{"0":{"loc":{"start":{"line":60,"column":18},"end":{"line":60,"column":null}},"type":"cond-expr","locations":[{"start":{"line":60,"column":32},"end":{"line":60,"column":54}},{"start":{"line":60,"column":54},"end":{"line":60,"column":null}}]},"1":{"loc":{"start":{"line":61,"column":20},"end":{"line":61,"column":114}},"type":"cond-expr","locations":[{"start":{"line":61,"column":48},"end":{"line":61,"column":79}},{"start":{"line":61,"column":79},"end":{"line":61,"column":114}}]},"2":{"loc":{"start":{"line":63,"column":30},"end":{"line":63,"column":null}},"type":"cond-expr","locations":[{"start":{"line":63,"column":58},"end":{"line":63,"column":67}},{"start":{"line":63,"column":67},"end":{"line":63,"column":null}}]},"3":{"loc":{"start":{"line":66,"column":17},"end":{"line":66,"column":42}},"type":"binary-expr","locations":[{"start":{"line":66,"column":17},"end":{"line":66,"column":42}}]},"4":{"loc":{"start":{"line":82,"column":24},"end":{"line":82,"column":null}},"type":"cond-expr","locations":[{"start":{"line":82,"column":37},"end":{"line":82,"column":66}},{"start":{"line":82,"column":66},"end":{"line":82,"column":null}}]},"5":{"loc":{"start":{"line":86,"column":26},"end":{"line":86,"column":74}},"type":"cond-expr","locations":[{"start":{"line":86,"column":26},"end":{"line":86,"column":74}}]},"6":{"loc":{"start":{"line":90,"column":9},"end":{"line":90,"column":null}},"type":"binary-expr","locations":[{"start":{"line":90,"column":9},"end":{"line":90,"column":null}}]},"7":{"loc":{"start":{"line":103,"column":20},"end":{"line":103,"column":null}},"type":"cond-expr","locations":[{"start":{"line":103,"column":34},"end":{"line":103,"column":56}},{"start":{"line":103,"column":56},"end":{"line":103,"column":null}}]},"8":{"loc":{"start":{"line":104,"column":22},"end":{"line":104,"column":116}},"type":"cond-expr","locations":[{"start":{"line":104,"column":50},"end":{"line":104,"column":81}},{"start":{"line":104,"column":81},"end":{"line":104,"column":116}}]},"9":{"loc":{"start":{"line":108,"column":32},"end":{"line":108,"column":null}},"type":"cond-expr","locations":[{"start":{"line":108,"column":60},"end":{"line":108,"column":69}},{"start":{"line":108,"column":69},"end":{"line":108,"column":null}}]},"10":{"loc":{"start":{"line":111,"column":19},"end":{"line":111,"column":44}},"type":"binary-expr","locations":[{"start":{"line":111,"column":19},"end":{"line":111,"column":44}}]}},"s":{"0":6,"1":2,"2":2,"3":2,"4":2,"5":2,"6":2,"7":2,"8":6,"9":6,"10":6,"11":30,"12":0,"13":0,"14":0},"f":{"0":6,"1":30,"2":0,"3":0,"4":0},"b":{"0":[6,24],"1":[3,27],"2":[3,27],"3":[30],"4":[0,6],"5":[0],"6":[6],"7":[0,0],"8":[0,0],"9":[0,0],"10":[0]}}
,"/Users/danielasilva/Desktop/Dogwarts/dogwarts-website/components/theme-provider.tsx": {"path":"/Users/danielasilva/Desktop/Dogwarts/dogwarts-website/components/theme-provider.tsx","statementMap":{"0":{"start":{"line":9,"column":16},"end":{"line":9,"column":30}},"1":{"start":{"line":3,"column":23},"end":{"line":3,"column":null}},"2":{"start":{"line":7,"column":7},"end":{"line":7,"column":null}}},"fnMap":{"0":{"name":"ThemeProvider","decl":{"start":{"line":9,"column":16},"end":{"line":9,"column":30}},"loc":{"start":{"line":9,"column":72},"end":{"line":11,"column":null}}}},"branchMap":{},"s":{"0":0,"1":0,"2":0},"f":{"0":0},"b":{}}
,"/Users/danielasilva/Desktop/Dogwarts/dogwarts-website/components/layout/index.ts": {"path":"/Users/danielasilva/Desktop/Dogwarts/dogwarts-website/components/layout/index.ts","statementMap":{"0":{"start":{"line":5,"column":9},"end":{"line":5,"column":36}},"1":{"start":{"line":11,"column":9},"end":{"line":11,"column":31}},"2":{"start":{"line":8,"column":9},"end":{"line":8,"column":31}},"3":{"start":{"line":14,"column":9},"end":{"line":14,"column":32}},"4":{"start":{"line":5,"column":36},"end":{"line":5,"column":null}},"5":{"start":{"line":8,"column":31},"end":{"line":8,"column":null}},"6":{"start":{"line":11,"column":31},"end":{"line":11,"column":null}},"7":{"start":{"line":14,"column":32},"end":{"line":14,"column":null}}},"fnMap":{},"branchMap":{},"s":{"0":0,"1":0,"2":0,"3":0,"4":0,"5":0,"6":0,"7":0},"f":{},"b":{}}
,"/Users/danielasilva/Desktop/Dogwarts/dogwarts-website/components/layout/responsive-container.tsx": {"path":"/Users/danielasilva/Desktop/Dogwarts/dogwarts-website/components/layout/responsive-container.tsx","statementMap":{"0":{"start":{"line":58,"column":9},"end":{"line":58,"column":null}},"1":{"start":{"line":3,"column":18},"end":{"line":3,"column":null}},"2":{"start":{"line":4,"column":19},"end":{"line":4,"column":null}},"3":{"start":{"line":12,"column":28},"end":{"line":53,"column":null}},"4":{"start":{"line":23,"column":24},"end":{"line":23,"column":null}},"5":{"start":{"line":24,"column":27},"end":{"line":32,"column":null}},"6":{"start":{"line":33,"column":27},"end":{"line":39,"column":null}},"7":{"start":{"line":41,"column":29},"end":{"line":45,"column":null}},"8":{"start":{"line":56,"column":0},"end":{"line":56,"column":null}}},"fnMap":{"0":{"name":"(anonymous_2)","decl":{"start":{"line":13,"column":2},"end":{"line":13,"column":null}},"loc":{"start":{"line":21,"column":4},"end":{"line":53,"column":null}}}},"branchMap":{"0":{"loc":{"start":{"line":15,"column":6},"end":{"line":15,"column":25}},"type":"default-arg","locations":[{"start":{"line":15,"column":16},"end":{"line":15,"column":25}}]},"1":{"loc":{"start":{"line":16,"column":6},"end":{"line":16,"column":20}},"type":"default-arg","locations":[{"start":{"line":16,"column":16},"end":{"line":16,"column":20}}]}},"s":{"0":0,"1":0,"2":0,"3":0,"4":0,"5":0,"6":0,"7":0,"8":0},"f":{"0":0},"b":{"0":[0],"1":[0]}}
,"/Users/danielasilva/Desktop/Dogwarts/dogwarts-website/components/layout/responsive-flex.tsx": {"path":"/Users/danielasilva/Desktop/Dogwarts/dogwarts-website/components/layout/responsive-flex.tsx","statementMap":{"0":{"start":{"line":82,"column":9},"end":{"line":82,"column":null}},"1":{"start":{"line":3,"column":18},"end":{"line":3,"column":null}},"2":{"start":{"line":4,"column":19},"end":{"line":4,"column":null}},"3":{"start":{"line":15,"column":23},"end":{"line":77,"column":null}},"4":{"start":{"line":29,"column":24},"end":{"line":29,"column":null}},"5":{"start":{"line":30,"column":29},"end":{"line":34,"column":null}},"6":{"start":{"line":35,"column":24},"end":{"line":38,"column":null}},"7":{"start":{"line":39,"column":23},"end":{"line":45,"column":null}},"8":{"start":{"line":46,"column":25},"end":{"line":52,"column":null}},"9":{"start":{"line":53,"column":27},"end":{"line":60,"column":null}},"10":{"start":{"line":62,"column":24},"end":{"line":69,"column":null}},"11":{"start":{"line":80,"column":0},"end":{"line":80,"column":null}}},"fnMap":{"0":{"name":"(anonymous_2)","decl":{"start":{"line":16,"column":2},"end":{"line":16,"column":null}},"loc":{"start":{"line":27,"column":4},"end":{"line":77,"column":null}}}},"branchMap":{"0":{"loc":{"start":{"line":18,"column":6},"end":{"line":18,"column":23}},"type":"default-arg","locations":[{"start":{"line":18,"column":18},"end":{"line":18,"column":23}}]},"1":{"loc":{"start":{"line":19,"column":6},"end":{"line":19,"column":21}},"type":"default-arg","locations":[{"start":{"line":19,"column":13},"end":{"line":19,"column":21}}]},"2":{"loc":{"start":{"line":20,"column":6},"end":{"line":20,"column":16}},"type":"default-arg","locations":[{"start":{"line":20,"column":12},"end":{"line":20,"column":16}}]},"3":{"loc":{"start":{"line":21,"column":6},"end":{"line":21,"column":22}},"type":"default-arg","locations":[{"start":{"line":21,"column":14},"end":{"line":21,"column":22}}]},"4":{"loc":{"start":{"line":22,"column":6},"end":{"line":22,"column":23}},"type":"default-arg","locations":[{"start":{"line":22,"column":16},"end":{"line":22,"column":23}}]}},"s":{"0":0,"1":0,"2":0,"3":0,"4":0,"5":0,"6":0,"7":0,"8":0,"9":0,"10":0,"11":0},"f":{"0":0},"b":{"0":[0],"1":[0],"2":[0],"3":[0],"4":[0]}}
,"/Users/danielasilva/Desktop/Dogwarts/dogwarts-website/components/layout/responsive-grid.tsx": {"path":"/Users/danielasilva/Desktop/Dogwarts/dogwarts-website/components/layout/responsive-grid.tsx","statementMap":{"0":{"start":{"line":86,"column":9},"end":{"line":86,"column":null}},"1":{"start":{"line":3,"column":18},"end":{"line":3,"column":null}},"2":{"start":{"line":4,"column":19},"end":{"line":4,"column":null}},"3":{"start":{"line":17,"column":23},"end":{"line":81,"column":null}},"4":{"start":{"line":33,"column":24},"end":{"line":33,"column":null}},"5":{"start":{"line":34,"column":26},"end":{"line":41,"column":null}},"6":{"start":{"line":42,"column":23},"end":{"line":48,"column":null}},"7":{"start":{"line":49,"column":25},"end":{"line":54,"column":null}},"8":{"start":{"line":55,"column":27},"end":{"line":62,"column":null}},"9":{"start":{"line":64,"column":24},"end":{"line":73,"column":null}},"10":{"start":{"line":84,"column":0},"end":{"line":84,"column":null}}},"fnMap":{"0":{"name":"(anonymous_2)","decl":{"start":{"line":18,"column":2},"end":{"line":18,"column":null}},"loc":{"start":{"line":31,"column":4},"end":{"line":81,"column":null}}}},"branchMap":{"0":{"loc":{"start":{"line":20,"column":6},"end":{"line":20,"column":17}},"type":"default-arg","locations":[{"start":{"line":20,"column":16},"end":{"line":20,"column":17}}]},"1":{"loc":{"start":{"line":21,"column":6},"end":{"line":21,"column":24}},"type":"default-arg","locations":[{"start":{"line":21,"column":19},"end":{"line":21,"column":24}}]},"2":{"loc":{"start":{"line":22,"column":6},"end":{"line":22,"column":21}},"type":"default-arg","locations":[{"start":{"line":22,"column":16},"end":{"line":22,"column":21}}]},"3":{"loc":{"start":{"line":23,"column":6},"end":{"line":23,"column":22}},"type":"default-arg","locations":[{"start":{"line":23,"column":17},"end":{"line":23,"column":22}}]},"4":{"loc":{"start":{"line":24,"column":6},"end":{"line":24,"column":16}},"type":"default-arg","locations":[{"start":{"line":24,"column":12},"end":{"line":24,"column":16}}]},"5":{"loc":{"start":{"line":25,"column":6},"end":{"line":25,"column":23}},"type":"default-arg","locations":[{"start":{"line":25,"column":14},"end":{"line":25,"column":23}}]},"6":{"loc":{"start":{"line":26,"column":6},"end":{"line":26,"column":23}},"type":"default-arg","locations":[{"start":{"line":26,"column":16},"end":{"line":26,"column":23}}]},"7":{"loc":{"start":{"line":66,"column":6},"end":{"line":66,"column":68}},"type":"binary-expr","locations":[{"start":{"line":66,"column":6},"end":{"line":66,"column":21}},{"start":{"line":66,"column":21},"end":{"line":66,"column":33}},{"start":{"line":66,"column":33},"end":{"line":66,"column":46}},{"start":{"line":66,"column":46},"end":{"line":66,"column":68}}]},"8":{"loc":{"start":{"line":67,"column":6},"end":{"line":67,"column":null}},"type":"binary-expr","locations":[{"start":{"line":67,"column":6},"end":{"line":67,"column":20}},{"start":{"line":67,"column":20},"end":{"line":67,"column":null}}]},"9":{"loc":{"start":{"line":68,"column":6},"end":{"line":68,"column":null}},"type":"binary-expr","locations":[{"start":{"line":68,"column":6},"end":{"line":68,"column":17}},{"start":{"line":68,"column":17},"end":{"line":68,"column":null}}]},"10":{"loc":{"start":{"line":69,"column":6},"end":{"line":69,"column":null}},"type":"binary-expr","locations":[{"start":{"line":69,"column":6},"end":{"line":69,"column":18}},{"start":{"line":69,"column":18},"end":{"line":69,"column":null}}]}},"s":{"0":0,"1":0,"2":0,"3":0,"4":0,"5":0,"6":0,"7":0,"8":0,"9":0,"10":0},"f":{"0":0},"b":{"0":[0],"1":[0],"2":[0],"3":[0],"4":[0],"5":[0],"6":[0],"7":[0,0,0,0],"8":[0,0],"9":[0,0],"10":[0,0]}}
,"/Users/danielasilva/Desktop/Dogwarts/dogwarts-website/components/layout/responsive-image.tsx": {"path":"/Users/danielasilva/Desktop/Dogwarts/dogwarts-website/components/layout/responsive-image.tsx","statementMap":{"0":{"start":{"line":132,"column":9},"end":{"line":132,"column":null}},"1":{"start":{"line":3,"column":18},"end":{"line":3,"column":null}},"2":{"start":{"line":4,"column":18},"end":{"line":4,"column":null}},"3":{"start":{"line":5,"column":19},"end":{"line":5,"column":null}},"4":{"start":{"line":25,"column":24},"end":{"line":127,"column":null}},"5":{"start":{"line":48,"column":24},"end":{"line":48,"column":null}},"6":{"start":{"line":49,"column":31},"end":{"line":55,"column":null}},"7":{"start":{"line":56,"column":29},"end":{"line":62,"column":null}},"8":{"start":{"line":63,"column":34},"end":{"line":69,"column":null}},"9":{"start":{"line":70,"column":24},"end":{"line":78,"column":null}},"10":{"start":{"line":79,"column":27},"end":{"line":86,"column":null}},"11":{"start":{"line":87,"column":26},"end":{"line":93,"column":null}},"12":{"start":{"line":94,"column":25},"end":{"line":98,"column":null}},"13":{"start":{"line":100,"column":25},"end":{"line":109,"column":null}},"14":{"start":{"line":130,"column":0},"end":{"line":130,"column":null}}},"fnMap":{"0":{"name":"(anonymous_2)","decl":{"start":{"line":26,"column":2},"end":{"line":26,"column":null}},"loc":{"start":{"line":46,"column":4},"end":{"line":127,"column":null}}}},"branchMap":{"0":{"loc":{"start":{"line":32,"column":6},"end":{"line":32,"column":31}},"type":"default-arg","locations":[{"start":{"line":32,"column":20},"end":{"line":32,"column":31}}]},"1":{"loc":{"start":{"line":33,"column":6},"end":{"line":33,"column":25}},"type":"default-arg","locations":[{"start":{"line":33,"column":18},"end":{"line":33,"column":25}}]},"2":{"loc":{"start":{"line":34,"column":6},"end":{"line":34,"column":31}},"type":"default-arg","locations":[{"start":{"line":34,"column":23},"end":{"line":34,"column":31}}]},"3":{"loc":{"start":{"line":35,"column":6},"end":{"line":35,"column":25}},"type":"default-arg","locations":[{"start":{"line":35,"column":13},"end":{"line":35,"column":25}}]},"4":{"loc":{"start":{"line":36,"column":6},"end":{"line":36,"column":20}},"type":"default-arg","locations":[{"start":{"line":36,"column":16},"end":{"line":36,"column":20}}]},"5":{"loc":{"start":{"line":37,"column":6},"end":{"line":37,"column":21}},"type":"default-arg","locations":[{"start":{"line":37,"column":15},"end":{"line":37,"column":21}}]},"6":{"loc":{"start":{"line":38,"column":6},"end":{"line":38,"column":20}},"type":"default-arg","locations":[{"start":{"line":38,"column":14},"end":{"line":38,"column":20}}]},"7":{"loc":{"start":{"line":39,"column":6},"end":{"line":39,"column":22}},"type":"default-arg","locations":[{"start":{"line":39,"column":16},"end":{"line":39,"column":22}}]},"8":{"loc":{"start":{"line":40,"column":6},"end":{"line":40,"column":22}},"type":"default-arg","locations":[{"start":{"line":40,"column":17},"end":{"line":40,"column":22}}]},"9":{"loc":{"start":{"line":41,"column":6},"end":{"line":41,"column":27}},"type":"default-arg","locations":[{"start":{"line":41,"column":20},"end":{"line":41,"column":27}}]}},"s":{"0":0,"1":0,"2":0,"3":0,"4":0,"5":0,"6":0,"7":0,"8":0,"9":0,"10":0,"11":0,"12":0,"13":0,"14":0},"f":{"0":0},"b":{"0":[0],"1":[0],"2":[0],"3":[0],"4":[0],"5":[0],"6":[0],"7":[0],"8":[0],"9":[0]}}
,"/Users/danielasilva/Desktop/Dogwarts/dogwarts-website/components/ui/accordion.tsx": {"path":"/Users/danielasilva/Desktop/Dogwarts/dogwarts-website/components/ui/accordion.tsx","statementMap":{"0":{"start":{"line":66,"column":9},"end":{"line":66,"column":18}},"1":{"start":{"line":66,"column":53},"end":{"line":66,"column":69}},"2":{"start":{"line":66,"column":20},"end":{"line":66,"column":33}},"3":{"start":{"line":66,"column":35},"end":{"line":66,"column":51}},"4":{"start":{"line":3,"column":23},"end":{"line":3,"column":null}},"5":{"start":{"line":4,"column":36},"end":{"line":4,"column":null}},"6":{"start":{"line":5,"column":32},"end":{"line":5,"column":null}},"7":{"start":{"line":7,"column":19},"end":{"line":7,"column":null}}},"fnMap":{"0":{"name":"Accordion","decl":{"start":{"line":9,"column":9},"end":{"line":9,"column":19}},"loc":{"start":{"line":11,"column":55},"end":{"line":13,"column":null}}},"1":{"name":"AccordionItem","decl":{"start":{"line":15,"column":9},"end":{"line":15,"column":23}},"loc":{"start":{"line":18,"column":55},"end":{"line":26,"column":null}}},"2":{"name":"AccordionTrigger","decl":{"start":{"line":28,"column":9},"end":{"line":28,"column":26}},"loc":{"start":{"line":32,"column":58},"end":{"line":48,"column":null}}},"3":{"name":"AccordionContent","decl":{"start":{"line":50,"column":9},"end":{"line":50,"column":26}},"loc":{"start":{"line":54,"column":58},"end":{"line":64,"column":null}}}},"branchMap":{},"s":{"0":0,"1":0,"2":0,"3":0,"4":0,"5":0,"6":0,"7":0},"f":{"0":0,"1":0,"2":0,"3":0},"b":{}}
,"/Users/danielasilva/Desktop/Dogwarts/dogwarts-website/components/ui/alert-dialog.tsx": {"path":"/Users/danielasilva/Desktop/Dogwarts/dogwarts-website/components/ui/alert-dialog.tsx","statementMap":{"0":{"start":{"line":146,"column":2},"end":{"line":146,"column":13}},"1":{"start":{"line":155,"column":2},"end":{"line":155,"column":19}},"2":{"start":{"line":156,"column":2},"end":{"line":156,"column":19}},"3":{"start":{"line":150,"column":2},"end":{"line":150,"column":20}},"4":{"start":{"line":154,"column":2},"end":{"line":154,"column":24}},"5":{"start":{"line":152,"column":2},"end":{"line":152,"column":19}},"6":{"start":{"line":151,"column":2},"end":{"line":151,"column":19}},"7":{"start":{"line":148,"column":2},"end":{"line":148,"column":20}},"8":{"start":{"line":147,"column":2},"end":{"line":147,"column":19}},"9":{"start":{"line":153,"column":2},"end":{"line":153,"column":18}},"10":{"start":{"line":149,"column":2},"end":{"line":149,"column":20}},"11":{"start":{"line":3,"column":23},"end":{"line":3,"column":null}},"12":{"start":{"line":4,"column":38},"end":{"line":4,"column":null}},"13":{"start":{"line":6,"column":19},"end":{"line":6,"column":null}},"14":{"start":{"line":7,"column":31},"end":{"line":7,"column":null}}},"fnMap":{"0":{"name":"AlertDialog","decl":{"start":{"line":9,"column":9},"end":{"line":9,"column":21}},"loc":{"start":{"line":11,"column":57},"end":{"line":13,"column":null}}},"1":{"name":"AlertDialogTrigger","decl":{"start":{"line":15,"column":9},"end":{"line":15,"column":28}},"loc":{"start":{"line":17,"column":60},"end":{"line":21,"column":null}}},"2":{"name":"AlertDialogPortal","decl":{"start":{"line":23,"column":9},"end":{"line":23,"column":27}},"loc":{"start":{"line":25,"column":59},"end":{"line":29,"column":null}}},"3":{"name":"AlertDialogOverlay","decl":{"start":{"line":31,"column":9},"end":{"line":31,"column":28}},"loc":{"start":{"line":34,"column":60},"end":{"line":45,"column":null}}},"4":{"name":"AlertDialogContent","decl":{"start":{"line":47,"column":9},"end":{"line":47,"column":28}},"loc":{"start":{"line":50,"column":60},"end":{"line":64,"column":null}}},"5":{"name":"AlertDialogHeader","decl":{"start":{"line":66,"column":9},"end":{"line":66,"column":27}},"loc":{"start":{"line":69,"column":30},"end":{"line":77,"column":null}}},"6":{"name":"AlertDialogFooter","decl":{"start":{"line":79,"column":9},"end":{"line":79,"column":27}},"loc":{"start":{"line":82,"column":30},"end":{"line":93,"column":null}}},"7":{"name":"AlertDialogTitle","decl":{"start":{"line":95,"column":9},"end":{"line":95,"column":26}},"loc":{"start":{"line":98,"column":58},"end":{"line":106,"column":null}}},"8":{"name":"AlertDialogDescription","decl":{"start":{"line":108,"column":9},"end":{"line":108,"column":32}},"loc":{"start":{"line":111,"column":64},"end":{"line":119,"column":null}}},"9":{"name":"AlertDialogAction","decl":{"start":{"line":121,"column":9},"end":{"line":121,"column":27}},"loc":{"start":{"line":124,"column":59},"end":{"line":131,"column":null}}},"10":{"name":"AlertDialogCancel","decl":{"start":{"line":133,"column":9},"end":{"line":133,"column":27}},"loc":{"start":{"line":136,"column":59},"end":{"line":143,"column":null}}}},"branchMap":{},"s":{"0":0,"1":0,"2":0,"3":0,"4":0,"5":0,"6":0,"7":0,"8":0,"9":0,"10":0,"11":0,"12":0,"13":0,"14":0},"f":{"0":0,"1":0,"2":0,"3":0,"4":0,"5":0,"6":0,"7":0,"8":0,"9":0,"10":0},"b":{}}
,"/Users/danielasilva/Desktop/Dogwarts/dogwarts-website/components/ui/alert.tsx": {"path":"/Users/danielasilva/Desktop/Dogwarts/dogwarts-website/components/ui/alert.tsx","statementMap":{"0":{"start":{"line":66,"column":9},"end":{"line":66,"column":14}},"1":{"start":{"line":66,"column":28},"end":{"line":66,"column":44}},"2":{"start":{"line":66,"column":16},"end":{"line":66,"column":26}},"3":{"start":{"line":1,"column":23},"end":{"line":1,"column":null}},"4":{"start":{"line":2,"column":39},"end":{"line":2,"column":null}},"5":{"start":{"line":4,"column":19},"end":{"line":4,"column":null}},"6":{"start":{"line":6,"column":22},"end":{"line":19,"column":null}}},"fnMap":{"0":{"name":"Alert","decl":{"start":{"line":22,"column":9},"end":{"line":22,"column":15}},"loc":{"start":{"line":26,"column":67},"end":{"line":35,"column":null}}},"1":{"name":"AlertTitle","decl":{"start":{"line":37,"column":9},"end":{"line":37,"column":20}},"loc":{"start":{"line":37,"column":72},"end":{"line":48,"column":null}}},"2":{"name":"AlertDescription","decl":{"start":{"line":50,"column":9},"end":{"line":50,"column":26}},"loc":{"start":{"line":53,"column":30},"end":{"line":64,"column":null}}}},"branchMap":{},"s":{"0":0,"1":0,"2":0,"3":0,"4":0,"5":0,"6":0},"f":{"0":0,"1":0,"2":0},"b":{}}
,"/Users/danielasilva/Desktop/Dogwarts/dogwarts-website/components/ui/aspect-ratio.tsx": {"path":"/Users/danielasilva/Desktop/Dogwarts/dogwarts-website/components/ui/aspect-ratio.tsx","statementMap":{"0":{"start":{"line":11,"column":9},"end":{"line":11,"column":null}},"1":{"start":{"line":3,"column":38},"end":{"line":3,"column":null}}},"fnMap":{"0":{"name":"AspectRatio","decl":{"start":{"line":5,"column":9},"end":{"line":5,"column":21}},"loc":{"start":{"line":7,"column":57},"end":{"line":9,"column":null}}}},"branchMap":{},"s":{"0":0,"1":0},"f":{"0":0},"b":{}}
,"/Users/danielasilva/Desktop/Dogwarts/dogwarts-website/components/ui/avatar.tsx": {"path":"/Users/danielasilva/Desktop/Dogwarts/dogwarts-website/components/ui/avatar.tsx","statementMap":{"0":{"start":{"line":53,"column":9},"end":{"line":53,"column":15}},"1":{"start":{"line":53,"column":30},"end":{"line":53,"column":44}},"2":{"start":{"line":53,"column":17},"end":{"line":53,"column":28}},"3":{"start":{"line":3,"column":23},"end":{"line":3,"column":null}},"4":{"start":{"line":4,"column":33},"end":{"line":4,"column":null}},"5":{"start":{"line":6,"column":19},"end":{"line":6,"column":null}}},"fnMap":{"0":{"name":"Avatar","decl":{"start":{"line":8,"column":9},"end":{"line":8,"column":16}},"loc":{"start":{"line":11,"column":52},"end":{"line":22,"column":null}}},"1":{"name":"AvatarImage","decl":{"start":{"line":24,"column":9},"end":{"line":24,"column":21}},"loc":{"start":{"line":27,"column":53},"end":{"line":35,"column":null}}},"2":{"name":"AvatarFallback","decl":{"start":{"line":37,"column":9},"end":{"line":37,"column":24}},"loc":{"start":{"line":40,"column":56},"end":{"line":51,"column":null}}}},"branchMap":{},"s":{"0":0,"1":0,"2":0,"3":0,"4":0,"5":0},"f":{"0":0,"1":0,"2":0},"b":{}}
,"/Users/danielasilva/Desktop/Dogwarts/dogwarts-website/components/ui/badge.tsx": {"path":"/Users/danielasilva/Desktop/Dogwarts/dogwarts-website/components/ui/badge.tsx","statementMap":{"0":{"start":{"line":46,"column":9},"end":{"line":46,"column":14}},"1":{"start":{"line":46,"column":16},"end":{"line":46,"column":29}},"2":{"start":{"line":1,"column":23},"end":{"line":1,"column":null}},"3":{"start":{"line":2,"column":21},"end":{"line":2,"column":null}},"4":{"start":{"line":3,"column":39},"end":{"line":3,"column":null}},"5":{"start":{"line":5,"column":19},"end":{"line":5,"column":null}},"6":{"start":{"line":7,"column":22},"end":{"line":25,"column":null}},"7":{"start":{"line":35,"column":15},"end":{"line":35,"column":null}}},"fnMap":{"0":{"name":"Badge","decl":{"start":{"line":28,"column":9},"end":{"line":28,"column":15}},"loc":{"start":{"line":34,"column":60},"end":{"line":44,"column":null}}}},"branchMap":{"0":{"loc":{"start":{"line":31,"column":2},"end":{"line":31,"column":17}},"type":"default-arg","locations":[{"start":{"line":31,"column":12},"end":{"line":31,"column":17}}]},"1":{"loc":{"start":{"line":35,"column":15},"end":{"line":35,"column":null}},"type":"cond-expr","locations":[{"start":{"line":35,"column":25},"end":{"line":35,"column":29}},{"start":{"line":35,"column":32},"end":{"line":35,"column":null}}]}},"s":{"0":21,"1":0,"2":1,"3":1,"4":1,"5":1,"6":1,"7":21},"f":{"0":21},"b":{"0":[21],"1":[0,21]}}
,"/Users/danielasilva/Desktop/Dogwarts/dogwarts-website/components/ui/breadcrumb.tsx": {"path":"/Users/danielasilva/Desktop/Dogwarts/dogwarts-website/components/ui/breadcrumb.tsx","statementMap":{"0":{"start":{"line":102,"column":2},"end":{"line":102,"column":12}},"1":{"start":{"line":108,"column":2},"end":{"line":108,"column":20}},"2":{"start":{"line":104,"column":2},"end":{"line":104,"column":16}},"3":{"start":{"line":105,"column":2},"end":{"line":105,"column":16}},"4":{"start":{"line":103,"column":2},"end":{"line":103,"column":16}},"5":{"start":{"line":106,"column":2},"end":{"line":106,"column":16}},"6":{"start":{"line":107,"column":2},"end":{"line":107,"column":21}},"7":{"start":{"line":1,"column":23},"end":{"line":1,"column":null}},"8":{"start":{"line":2,"column":21},"end":{"line":2,"column":null}},"9":{"start":{"line":3,"column":45},"end":{"line":3,"column":null}},"10":{"start":{"line":5,"column":19},"end":{"line":5,"column":null}},"11":{"start":{"line":41,"column":15},"end":{"line":41,"column":null}}},"fnMap":{"0":{"name":"Breadcrumb","decl":{"start":{"line":7,"column":9},"end":{"line":7,"column":20}},"loc":{"start":{"line":7,"column":61},"end":{"line":9,"column":null}}},"1":{"name":"BreadcrumbList","decl":{"start":{"line":11,"column":9},"end":{"line":11,"column":24}},"loc":{"start":{"line":11,"column":75},"end":{"line":22,"column":null}}},"2":{"name":"BreadcrumbItem","decl":{"start":{"line":24,"column":9},"end":{"line":24,"column":24}},"loc":{"start":{"line":24,"column":75},"end":{"line":32,"column":null}}},"3":{"name":"BreadcrumbLink","decl":{"start":{"line":34,"column":9},"end":{"line":34,"column":24}},"loc":{"start":{"line":40,"column":1},"end":{"line":50,"column":null}}},"4":{"name":"BreadcrumbPage","decl":{"start":{"line":52,"column":9},"end":{"line":52,"column":24}},"loc":{"start":{"line":52,"column":77},"end":{"line":63,"column":null}}},"5":{"name":"BreadcrumbSeparator","decl":{"start":{"line":65,"column":9},"end":{"line":65,"column":29}},"loc":{"start":{"line":69,"column":29},"end":{"line":81,"column":null}}},"6":{"name":"BreadcrumbEllipsis","decl":{"start":{"line":83,"column":9},"end":{"line":83,"column":28}},"loc":{"start":{"line":86,"column":31},"end":{"line":99,"column":null}}}},"branchMap":{"0":{"loc":{"start":{"line":41,"column":15},"end":{"line":41,"column":null}},"type":"cond-expr","locations":[{"start":{"line":41,"column":25},"end":{"line":41,"column":29}},{"start":{"line":41,"column":32},"end":{"line":41,"column":null}}]},"1":{"loc":{"start":{"line":78,"column":7},"end":{"line":78,"column":null}},"type":"binary-expr","locations":[{"start":{"line":78,"column":7},"end":{"line":78,"column":19}},{"start":{"line":78,"column":19},"end":{"line":78,"column":null}}]}},"s":{"0":0,"1":0,"2":0,"3":0,"4":0,"5":0,"6":0,"7":0,"8":0,"9":0,"10":0,"11":0},"f":{"0":0,"1":0,"2":0,"3":0,"4":0,"5":0,"6":0},"b":{"0":[0,0],"1":[0,0]}}
,"/Users/danielasilva/Desktop/Dogwarts/dogwarts-website/components/ui/button.tsx": {"path":"/Users/danielasilva/Desktop/Dogwarts/dogwarts-website/components/ui/button.tsx","statementMap":{"0":{"start":{"line":59,"column":9},"end":{"line":59,"column":15}},"1":{"start":{"line":59,"column":17},"end":{"line":59,"column":31}},"2":{"start":{"line":1,"column":23},"end":{"line":1,"column":null}},"3":{"start":{"line":2,"column":21},"end":{"line":2,"column":null}},"4":{"start":{"line":3,"column":39},"end":{"line":3,"column":null}},"5":{"start":{"line":5,"column":19},"end":{"line":5,"column":null}},"6":{"start":{"line":7,"column":23},"end":{"line":35,"column":null}},"7":{"start":{"line":48,"column":15},"end":{"line":48,"column":null}}},"fnMap":{"0":{"name":"Button","decl":{"start":{"line":38,"column":9},"end":{"line":38,"column":16}},"loc":{"start":{"line":47,"column":3},"end":{"line":57,"column":null}}}},"branchMap":{"0":{"loc":{"start":{"line":42,"column":2},"end":{"line":42,"column":17}},"type":"default-arg","locations":[{"start":{"line":42,"column":12},"end":{"line":42,"column":17}}]},"1":{"loc":{"start":{"line":48,"column":15},"end":{"line":48,"column":null}},"type":"cond-expr","locations":[{"start":{"line":48,"column":25},"end":{"line":48,"column":29}},{"start":{"line":48,"column":32},"end":{"line":48,"column":null}}]}},"s":{"0":27,"1":0,"2":2,"3":2,"4":2,"5":2,"6":2,"7":27},"f":{"0":27},"b":{"0":[27],"1":[0,27]}}
,"/Users/danielasilva/Desktop/Dogwarts/dogwarts-website/components/ui/calendar.tsx": {"path":"/Users/danielasilva/Desktop/Dogwarts/dogwarts-website/components/ui/calendar.tsx","statementMap":{"0":{"start":{"line":213,"column":9},"end":{"line":213,"column":17}},"1":{"start":{"line":213,"column":19},"end":{"line":213,"column":36}},"2":{"start":{"line":3,"column":23},"end":{"line":3,"column":null}},"3":{"start":{"line":8,"column":7},"end":{"line":8,"column":null}},"4":{"start":{"line":9,"column":59},"end":{"line":9,"column":null}},"5":{"start":{"line":11,"column":19},"end":{"line":11,"column":null}},"6":{"start":{"line":12,"column":39},"end":{"line":12,"column":null}},"7":{"start":{"line":26,"column":28},"end":{"line":26,"column":null}},"8":{"start":{"line":40,"column":10},"end":{"line":40,"column":null}},"9":{"start":{"line":139,"column":10},"end":{"line":143,"column":null}},"10":{"start":{"line":145,"column":10},"end":{"line":152,"column":null}},"11":{"start":{"line":181,"column":28},"end":{"line":181,"column":null}},"12":{"start":{"line":183,"column":14},"end":{"line":183,"column":null}},"13":{"start":{"line":184,"column":2},"end":{"line":186,"column":null}},"14":{"start":{"line":185,"column":4},"end":{"line":185,"column":null}},"15":{"start":{"line":185,"column":27},"end":{"line":185,"column":null}}},"fnMap":{"0":{"name":"Calendar","decl":{"start":{"line":14,"column":9},"end":{"line":14,"column":18}},"loc":{"start":{"line":25,"column":1},"end":{"line":173,"column":null}}},"1":{"name":"(anonymous_7)","decl":{"start":{"line":39,"column":29},"end":{"line":39,"column":30}},"loc":{"start":{"line":40,"column":10},"end":{"line":40,"column":null}}},"2":{"name":"(anonymous_8)","decl":{"start":{"line":128,"column":14},"end":{"line":128,"column":15}},"loc":{"start":{"line":128,"column":47},"end":{"line":137,"column":null}}},"3":{"name":"(anonymous_9)","decl":{"start":{"line":138,"column":17},"end":{"line":138,"column":18}},"loc":{"start":{"line":138,"column":54},"end":{"line":157,"column":null}}},"4":{"name":"(anonymous_10)","decl":{"start":{"line":159,"column":20},"end":{"line":159,"column":21}},"loc":{"start":{"line":159,"column":43},"end":{"line":167,"column":null}}},"5":{"name":"CalendarDayButton","decl":{"start":{"line":175,"column":9},"end":{"line":175,"column":27}},"loc":{"start":{"line":180,"column":41},"end":{"line":211,"column":null}}},"6":{"name":"(anonymous_12)","decl":{"start":{"line":184,"column":18},"end":{"line":184,"column":null}},"loc":{"start":{"line":184,"column":18},"end":{"line":186,"column":5}}}},"branchMap":{"0":{"loc":{"start":{"line":17,"column":2},"end":{"line":17,"column":24}},"type":"default-arg","locations":[{"start":{"line":17,"column":20},"end":{"line":17,"column":24}}]},"1":{"loc":{"start":{"line":18,"column":2},"end":{"line":18,"column":25}},"type":"default-arg","locations":[{"start":{"line":18,"column":18},"end":{"line":18,"column":25}}]},"2":{"loc":{"start":{"line":19,"column":2},"end":{"line":19,"column":25}},"type":"default-arg","locations":[{"start":{"line":19,"column":18},"end":{"line":19,"column":25}}]},"3":{"loc":{"start":{"line":82,"column":10},"end":{"line":84,"column":null}},"type":"cond-expr","locations":[{"start":{"line":83,"column":14},"end":{"line":83,"column":null}},{"start":{"line":84,"column":14},"end":{"line":84,"column":null}}]},"4":{"loc":{"start":{"line":139,"column":10},"end":{"line":143,"column":null}},"type":"if","locations":[{"start":{"line":139,"column":10},"end":{"line":143,"column":null}}]},"5":{"loc":{"start":{"line":145,"column":10},"end":{"line":152,"column":null}},"type":"if","locations":[{"start":{"line":145,"column":10},"end":{"line":152,"column":null}}]},"6":{"loc":{"start":{"line":185,"column":4},"end":{"line":185,"column":null}},"type":"if","locations":[{"start":{"line":185,"column":4},"end":{"line":185,"column":null}}]},"7":{"loc":{"start":{"line":195,"column":8},"end":{"line":198,"column":31}},"type":"binary-expr","locations":[{"start":{"line":195,"column":8},"end":{"line":195,"column":26}},{"start":{"line":196,"column":8},"end":{"line":196,"column":30}},{"start":{"line":197,"column":8},"end":{"line":197,"column":28}},{"start":{"line":198,"column":8},"end":{"line":198,"column":31}}]}},"s":{"0":0,"1":0,"2":0,"3":0,"4":0,"5":0,"6":0,"7":0,"8":0,"9":0,"10":0,"11":0,"12":0,"13":0,"14":0,"15":0},"f":{"0":0,"1":0,"2":0,"3":0,"4":0,"5":0,"6":0},"b":{"0":[0],"1":[0],"2":[0],"3":[0,0],"4":[0],"5":[0],"6":[0],"7":[0,0,0,0]}}
,"/Users/danielasilva/Desktop/Dogwarts/dogwarts-website/components/ui/card.tsx": {"path":"/Users/danielasilva/Desktop/Dogwarts/dogwarts-website/components/ui/card.tsx","statementMap":{"0":{"start":{"line":85,"column":2},"end":{"line":85,"column":6}},"1":{"start":{"line":89,"column":2},"end":{"line":89,"column":12}},"2":{"start":{"line":91,"column":2},"end":{"line":91,"column":13}},"3":{"start":{"line":90,"column":2},"end":{"line":90,"column":17}},"4":{"start":{"line":87,"column":2},"end":{"line":87,"column":12}},"5":{"start":{"line":86,"column":2},"end":{"line":86,"column":12}},"6":{"start":{"line":88,"column":2},"end":{"line":88,"column":11}},"7":{"start":{"line":1,"column":23},"end":{"line":1,"column":null}},"8":{"start":{"line":3,"column":19},"end":{"line":3,"column":null}}},"fnMap":{"0":{"name":"Card","decl":{"start":{"line":5,"column":9},"end":{"line":5,"column":14}},"loc":{"start":{"line":5,"column":66},"end":{"line":16,"column":null}}},"1":{"name":"CardHeader","decl":{"start":{"line":18,"column":9},"end":{"line":18,"column":20}},"loc":{"start":{"line":18,"column":72},"end":{"line":29,"column":null}}},"2":{"name":"CardTitle","decl":{"start":{"line":31,"column":9},"end":{"line":31,"column":19}},"loc":{"start":{"line":31,"column":71},"end":{"line":39,"column":null}}},"3":{"name":"CardDescription","decl":{"start":{"line":41,"column":9},"end":{"line":41,"column":25}},"loc":{"start":{"line":41,"column":77},"end":{"line":49,"column":null}}},"4":{"name":"CardAction","decl":{"start":{"line":51,"column":9},"end":{"line":51,"column":20}},"loc":{"start":{"line":51,"column":72},"end":{"line":62,"column":null}}},"5":{"name":"CardContent","decl":{"start":{"line":64,"column":9},"end":{"line":64,"column":21}},"loc":{"start":{"line":64,"column":73},"end":{"line":72,"column":null}}},"6":{"name":"CardFooter","decl":{"start":{"line":74,"column":9},"end":{"line":74,"column":20}},"loc":{"start":{"line":74,"column":72},"end":{"line":82,"column":null}}}},"branchMap":{},"s":{"0":21,"1":0,"2":21,"3":12,"4":0,"5":12,"6":12,"7":1,"8":1},"f":{"0":21,"1":12,"2":12,"3":12,"4":0,"5":21,"6":0},"b":{}}
,"/Users/danielasilva/Desktop/Dogwarts/dogwarts-website/components/ui/carousel.tsx": {"path":"/Users/danielasilva/Desktop/Dogwarts/dogwarts-website/components/ui/carousel.tsx","statementMap":{"0":{"start":{"line":236,"column":2},"end":{"line":236,"column":10}},"1":{"start":{"line":237,"column":2},"end":{"line":237,"column":17}},"2":{"start":{"line":238,"column":2},"end":{"line":238,"column":14}},"3":{"start":{"line":240,"column":2},"end":{"line":240,"column":14}},"4":{"start":{"line":239,"column":2},"end":{"line":239,"column":18}},"5":{"start":{"line":3,"column":23},"end":{"line":3,"column":null}},"6":{"start":{"line":6,"column":7},"end":{"line":6,"column":null}},"7":{"start":{"line":7,"column":38},"end":{"line":7,"column":null}},"8":{"start":{"line":9,"column":19},"end":{"line":9,"column":null}},"9":{"start":{"line":10,"column":23},"end":{"line":10,"column":null}},"10":{"start":{"line":33,"column":24},"end":{"line":33,"column":null}},"11":{"start":{"line":36,"column":18},"end":{"line":36,"column":null}},"12":{"start":{"line":38,"column":2},"end":{"line":40,"column":null}},"13":{"start":{"line":39,"column":4},"end":{"line":39,"column":null}},"14":{"start":{"line":42,"column":2},"end":{"line":42,"column":null}},"15":{"start":{"line":54,"column":29},"end":{"line":59,"column":null}},"16":{"start":{"line":61,"column":44},"end":{"line":61,"column":null}},"17":{"start":{"line":62,"column":44},"end":{"line":62,"column":null}},"18":{"start":{"line":64,"column":19},"end":{"line":68,"column":null}},"19":{"start":{"line":65,"column":4},"end":{"line":65,"column":null}},"20":{"start":{"line":65,"column":14},"end":{"line":65,"column":null}},"21":{"start":{"line":66,"column":4},"end":{"line":66,"column":null}},"22":{"start":{"line":67,"column":4},"end":{"line":67,"column":null}},"23":{"start":{"line":70,"column":21},"end":{"line":72,"column":null}},"24":{"start":{"line":71,"column":4},"end":{"line":71,"column":null}},"25":{"start":{"line":74,"column":21},"end":{"line":76,"column":null}},"26":{"start":{"line":75,"column":4},"end":{"line":75,"column":null}},"27":{"start":{"line":78,"column":24},"end":{"line":88,"column":null}},"28":{"start":{"line":80,"column":6},"end":{"line":86,"column":null}},"29":{"start":{"line":81,"column":8},"end":{"line":81,"column":null}},"30":{"start":{"line":82,"column":8},"end":{"line":82,"column":null}},"31":{"start":{"line":83,"column":13},"end":{"line":86,"column":null}},"32":{"start":{"line":84,"column":8},"end":{"line":84,"column":null}},"33":{"start":{"line":85,"column":8},"end":{"line":85,"column":null}},"34":{"start":{"line":91,"column":2},"end":{"line":94,"column":null}},"35":{"start":{"line":92,"column":4},"end":{"line":92,"column":null}},"36":{"start":{"line":92,"column":25},"end":{"line":92,"column":null}},"37":{"start":{"line":93,"column":4},"end":{"line":93,"column":null}},"38":{"start":{"line":96,"column":2},"end":{"line":105,"column":null}},"39":{"start":{"line":97,"column":4},"end":{"line":97,"column":null}},"40":{"start":{"line":97,"column":14},"end":{"line":97,"column":null}},"41":{"start":{"line":98,"column":4},"end":{"line":98,"column":null}},"42":{"start":{"line":99,"column":4},"end":{"line":99,"column":null}},"43":{"start":{"line":100,"column":4},"end":{"line":100,"column":null}},"44":{"start":{"line":102,"column":4},"end":{"line":104,"column":null}},"45":{"start":{"line":103,"column":6},"end":{"line":103,"column":null}},"46":{"start":{"line":136,"column":39},"end":{"line":136,"column":null}},"47":{"start":{"line":157,"column":26},"end":{"line":157,"column":null}},"48":{"start":{"line":180,"column":53},"end":{"line":180,"column":null}},"49":{"start":{"line":210,"column":53},"end":{"line":210,"column":null}}},"fnMap":{"0":{"name":"useCarousel","decl":{"start":{"line":35,"column":9},"end":{"line":35,"column":null}},"loc":{"start":{"line":35,"column":9},"end":{"line":43,"column":null}}},"1":{"name":"Carousel","decl":{"start":{"line":45,"column":9},"end":{"line":45,"column":18}},"loc":{"start":{"line":53,"column":46},"end":{"line":133,"column":null}}},"2":{"name":"(anonymous_12)","decl":{"start":{"line":64,"column":37},"end":{"line":64,"column":38}},"loc":{"start":{"line":64,"column":38},"end":{"line":68,"column":5}}},"3":{"name":"(anonymous_13)","decl":{"start":{"line":70,"column":39},"end":{"line":70,"column":null}},"loc":{"start":{"line":70,"column":39},"end":{"line":72,"column":5}}},"4":{"name":"(anonymous_14)","decl":{"start":{"line":74,"column":39},"end":{"line":74,"column":null}},"loc":{"start":{"line":74,"column":39},"end":{"line":76,"column":5}}},"5":{"name":"(anonymous_15)","decl":{"start":{"line":79,"column":4},"end":{"line":79,"column":5}},"loc":{"start":{"line":79,"column":5},"end":{"line":87,"column":null}}},"6":{"name":"(anonymous_16)","decl":{"start":{"line":91,"column":18},"end":{"line":91,"column":null}},"loc":{"start":{"line":91,"column":18},"end":{"line":94,"column":5}}},"7":{"name":"(anonymous_17)","decl":{"start":{"line":96,"column":18},"end":{"line":96,"column":null}},"loc":{"start":{"line":96,"column":18},"end":{"line":105,"column":5}}},"8":{"name":"(anonymous_18)","decl":{"start":{"line":102,"column":11},"end":{"line":102,"column":null}},"loc":{"start":{"line":102,"column":11},"end":{"line":104,"column":null}}},"9":{"name":"CarouselContent","decl":{"start":{"line":135,"column":9},"end":{"line":135,"column":25}},"loc":{"start":{"line":135,"column":77},"end":{"line":154,"column":null}}},"10":{"name":"CarouselItem","decl":{"start":{"line":156,"column":9},"end":{"line":156,"column":22}},"loc":{"start":{"line":156,"column":74},"end":{"line":172,"column":null}}},"11":{"name":"CarouselPrevious","decl":{"start":{"line":174,"column":9},"end":{"line":174,"column":26}},"loc":{"start":{"line":179,"column":38},"end":{"line":202,"column":null}}},"12":{"name":"CarouselNext","decl":{"start":{"line":204,"column":9},"end":{"line":204,"column":22}},"loc":{"start":{"line":209,"column":38},"end":{"line":232,"column":null}}}},"branchMap":{"0":{"loc":{"start":{"line":38,"column":2},"end":{"line":40,"column":null}},"type":"if","locations":[{"start":{"line":38,"column":2},"end":{"line":40,"column":null}}]},"1":{"loc":{"start":{"line":46,"column":2},"end":{"line":46,"column":28}},"type":"default-arg","locations":[{"start":{"line":46,"column":16},"end":{"line":46,"column":28}}]},"2":{"loc":{"start":{"line":57,"column":12},"end":{"line":57,"column":null}},"type":"cond-expr","locations":[{"start":{"line":57,"column":43},"end":{"line":57,"column":49}},{"start":{"line":57,"column":49},"end":{"line":57,"column":null}}]},"3":{"loc":{"start":{"line":65,"column":4},"end":{"line":65,"column":null}},"type":"if","locations":[{"start":{"line":65,"column":4},"end":{"line":65,"column":null}}]},"4":{"loc":{"start":{"line":80,"column":6},"end":{"line":86,"column":null}},"type":"if","locations":[{"start":{"line":80,"column":6},"end":{"line":86,"column":null}},{"start":{"line":83,"column":13},"end":{"line":86,"column":null}}]},"5":{"loc":{"start":{"line":83,"column":13},"end":{"line":86,"column":null}},"type":"if","locations":[{"start":{"line":83,"column":13},"end":{"line":86,"column":null}}]},"6":{"loc":{"start":{"line":92,"column":4},"end":{"line":92,"column":null}},"type":"if","locations":[{"start":{"line":92,"column":4},"end":{"line":92,"column":null}}]},"7":{"loc":{"start":{"line":92,"column":8},"end":{"line":92,"column":25}},"type":"binary-expr","locations":[{"start":{"line":92,"column":8},"end":{"line":92,"column":16}},{"start":{"line":92,"column":16},"end":{"line":92,"column":25}}]},"8":{"loc":{"start":{"line":97,"column":4},"end":{"line":97,"column":null}},"type":"if","locations":[{"start":{"line":97,"column":4},"end":{"line":97,"column":null}}]},"9":{"loc":{"start":{"line":114,"column":10},"end":{"line":114,"column":null}},"type":"binary-expr","locations":[{"start":{"line":114,"column":10},"end":{"line":114,"column":26}},{"start":{"line":114,"column":26},"end":{"line":114,"column":71}}]},"10":{"loc":{"start":{"line":114,"column":26},"end":{"line":114,"column":71}},"type":"cond-expr","locations":[{"start":{"line":114,"column":47},"end":{"line":114,"column":60}},{"start":{"line":114,"column":60},"end":{"line":114,"column":71}}]},"11":{"loc":{"start":{"line":147,"column":10},"end":{"line":147,"column":null}},"type":"cond-expr","locations":[{"start":{"line":147,"column":41},"end":{"line":147,"column":51}},{"start":{"line":147,"column":51},"end":{"line":147,"column":null}}]},"12":{"loc":{"start":{"line":166,"column":8},"end":{"line":166,"column":null}},"type":"cond-expr","locations":[{"start":{"line":166,"column":39},"end":{"line":166,"column":48}},{"start":{"line":166,"column":48},"end":{"line":166,"column":null}}]},"13":{"loc":{"start":{"line":176,"column":2},"end":{"line":176,"column":21}},"type":"default-arg","locations":[{"start":{"line":176,"column":12},"end":{"line":176,"column":21}}]},"14":{"loc":{"start":{"line":177,"column":2},"end":{"line":177,"column":15}},"type":"default-arg","locations":[{"start":{"line":177,"column":9},"end":{"line":177,"column":15}}]},"15":{"loc":{"start":{"line":189,"column":8},"end":{"line":191,"column":null}},"type":"cond-expr","locations":[{"start":{"line":190,"column":12},"end":{"line":190,"column":null}},{"start":{"line":191,"column":12},"end":{"line":191,"column":null}}]},"16":{"loc":{"start":{"line":206,"column":2},"end":{"line":206,"column":21}},"type":"default-arg","locations":[{"start":{"line":206,"column":12},"end":{"line":206,"column":21}}]},"17":{"loc":{"start":{"line":207,"column":2},"end":{"line":207,"column":15}},"type":"default-arg","locations":[{"start":{"line":207,"column":9},"end":{"line":207,"column":15}}]},"18":{"loc":{"start":{"line":219,"column":8},"end":{"line":221,"column":null}},"type":"cond-expr","locations":[{"start":{"line":220,"column":12},"end":{"line":220,"column":null}},{"start":{"line":221,"column":12},"end":{"line":221,"column":null}}]}},"s":{"0":0,"1":0,"2":0,"3":0,"4":0,"5":0,"6":0,"7":0,"8":0,"9":0,"10":0,"11":0,"12":0,"13":0,"14":0,"15":0,"16":0,"17":0,"18":0,"19":0,"20":0,"21":0,"22":0,"23":0,"24":0,"25":0,"26":0,"27":0,"28":0,"29":0,"30":0,"31":0,"32":0,"33":0,"34":0,"35":0,"36":0,"37":0,"38":0,"39":0,"40":0,"41":0,"42":0,"43":0,"44":0,"45":0,"46":0,"47":0,"48":0,"49":0},"f":{"0":0,"1":0,"2":0,"3":0,"4":0,"5":0,"6":0,"7":0,"8":0,"9":0,"10":0,"11":0,"12":0},"b":{"0":[0],"1":[0],"2":[0,0],"3":[0],"4":[0,0],"5":[0],"6":[0],"7":[0,0],"8":[0],"9":[0,0],"10":[0,0],"11":[0,0],"12":[0,0],"13":[0],"14":[0],"15":[0,0],"16":[0],"17":[0],"18":[0,0]}}
,"/Users/danielasilva/Desktop/Dogwarts/dogwarts-website/components/ui/chart.tsx": {"path":"/Users/danielasilva/Desktop/Dogwarts/dogwarts-website/components/ui/chart.tsx","statementMap":{"0":{"start":{"line":347,"column":2},"end":{"line":347,"column":16}},"1":{"start":{"line":350,"column":2},"end":{"line":350,"column":13}},"2":{"start":{"line":351,"column":2},"end":{"line":351,"column":20}},"3":{"start":{"line":352,"column":2},"end":{"line":352,"column":12}},"4":{"start":{"line":348,"column":2},"end":{"line":348,"column":14}},"5":{"start":{"line":349,"column":2},"end":{"line":349,"column":21}},"6":{"start":{"line":3,"column":23},"end":{"line":3,"column":null}},"7":{"start":{"line":4,"column":35},"end":{"line":4,"column":null}},"8":{"start":{"line":6,"column":19},"end":{"line":6,"column":null}},"9":{"start":{"line":9,"column":15},"end":{"line":9,"column":null}},"10":{"start":{"line":25,"column":21},"end":{"line":25,"column":null}},"11":{"start":{"line":28,"column":18},"end":{"line":28,"column":null}},"12":{"start":{"line":30,"column":2},"end":{"line":32,"column":null}},"13":{"start":{"line":31,"column":4},"end":{"line":31,"column":null}},"14":{"start":{"line":34,"column":2},"end":{"line":34,"column":null}},"15":{"start":{"line":49,"column":19},"end":{"line":49,"column":null}},"16":{"start":{"line":50,"column":18},"end":{"line":50,"column":61}},"17":{"start":{"line":72,"column":19},"end":{"line":103,"column":null}},"18":{"start":{"line":73,"column":22},"end":{"line":74,"column":null}},"19":{"start":{"line":74,"column":20},"end":{"line":74,"column":48}},"20":{"start":{"line":77,"column":2},"end":{"line":79,"column":null}},"21":{"start":{"line":78,"column":4},"end":{"line":78,"column":null}},"22":{"start":{"line":86,"column":33},"end":{"line":97,"column":1}},"23":{"start":{"line":91,"column":6},"end":{"line":92,"column":22}},"24":{"start":{"line":93,"column":4},"end":{"line":93,"column":null}},"25":{"start":{"line":105,"column":21},"end":{"line":105,"column":46}},"26":{"start":{"line":129,"column":21},"end":{"line":129,"column":null}},"27":{"start":{"line":131,"column":23},"end":{"line":165,"column":null}},"28":{"start":{"line":132,"column":4},"end":{"line":134,"column":null}},"29":{"start":{"line":133,"column":6},"end":{"line":133,"column":null}},"30":{"start":{"line":136,"column":19},"end":{"line":136,"column":null}},"31":{"start":{"line":137,"column":16},"end":{"line":137,"column":71}},"32":{"start":{"line":138,"column":23},"end":{"line":138,"column":null}},"33":{"start":{"line":140,"column":6},"end":{"line":142,"column":null}},"34":{"start":{"line":144,"column":4},"end":{"line":150,"column":null}},"35":{"start":{"line":152,"column":4},"end":{"line":154,"column":null}},"36":{"start":{"line":153,"column":6},"end":{"line":153,"column":null}},"37":{"start":{"line":167,"column":2},"end":{"line":169,"column":null}},"38":{"start":{"line":168,"column":4},"end":{"line":168,"column":null}},"39":{"start":{"line":171,"column":20},"end":{"line":171,"column":null}},"40":{"start":{"line":183,"column":22},"end":{"line":183,"column":74}},"41":{"start":{"line":184,"column":29},"end":{"line":184,"column":null}},"42":{"start":{"line":185,"column":33},"end":{"line":185,"column":73}},"43":{"start":{"line":187,"column":10},"end":{"line":189,"column":null}},"44":{"start":{"line":251,"column":20},"end":{"line":251,"column":44}},"45":{"start":{"line":264,"column":21},"end":{"line":264,"column":null}},"46":{"start":{"line":266,"column":2},"end":{"line":268,"column":null}},"47":{"start":{"line":267,"column":4},"end":{"line":267,"column":null}},"48":{"start":{"line":279,"column":20},"end":{"line":279,"column":59}},"49":{"start":{"line":280,"column":27},"end":{"line":280,"column":null}},"50":{"start":{"line":282,"column":8},"end":{"line":284,"column":null}},"51":{"start":{"line":313,"column":2},"end":{"line":315,"column":null}},"52":{"start":{"line":314,"column":4},"end":{"line":314,"column":null}},"53":{"start":{"line":318,"column":4},"end":{"line":322,"column":null}},"54":{"start":{"line":324,"column":31},"end":{"line":324,"column":null}},"55":{"start":{"line":326,"column":2},"end":{"line":339,"column":null}},"56":{"start":{"line":330,"column":4},"end":{"line":330,"column":null}},"57":{"start":{"line":331,"column":9},"end":{"line":339,"column":null}},"58":{"start":{"line":336,"column":4},"end":{"line":338,"column":null}},"59":{"start":{"line":341,"column":2},"end":{"line":343,"column":null}}},"fnMap":{"0":{"name":"useChart","decl":{"start":{"line":27,"column":9},"end":{"line":27,"column":null}},"loc":{"start":{"line":27,"column":9},"end":{"line":35,"column":null}}},"1":{"name":"ChartContainer","decl":{"start":{"line":37,"column":9},"end":{"line":37,"column":24}},"loc":{"start":{"line":48,"column":1},"end":{"line":70,"column":null}}},"2":{"name":"(anonymous_12)","decl":{"start":{"line":72,"column":19},"end":{"line":72,"column":20}},"loc":{"start":{"line":72,"column":71},"end":{"line":103,"column":null}}},"3":{"name":"(anonymous_13)","decl":{"start":{"line":74,"column":4},"end":{"line":74,"column":5}},"loc":{"start":{"line":74,"column":20},"end":{"line":74,"column":48}}},"4":{"name":"(anonymous_14)","decl":{"start":{"line":86,"column":12},"end":{"line":86,"column":13}},"loc":{"start":{"line":86,"column":33},"end":{"line":97,"column":1}}},"5":{"name":"(anonymous_15)","decl":{"start":{"line":89,"column":7},"end":{"line":89,"column":8}},"loc":{"start":{"line":89,"column":25},"end":{"line":94,"column":null}}},"6":{"name":"ChartTooltipContent","decl":{"start":{"line":107,"column":9},"end":{"line":107,"column":29}},"loc":{"start":{"line":128,"column":3},"end":{"line":249,"column":null}}},"7":{"name":"(anonymous_17)","decl":{"start":{"line":131,"column":37},"end":{"line":131,"column":null}},"loc":{"start":{"line":131,"column":37},"end":{"line":157,"column":5}}},"8":{"name":"(anonymous_18)","decl":{"start":{"line":182,"column":21},"end":{"line":182,"column":22}},"loc":{"start":{"line":182,"column":28},"end":{"line":245,"column":null}}},"9":{"name":"ChartLegendContent","decl":{"start":{"line":253,"column":9},"end":{"line":253,"column":28}},"loc":{"start":{"line":263,"column":3},"end":{"line":305,"column":null}}},"10":{"name":"(anonymous_20)","decl":{"start":{"line":278,"column":19},"end":{"line":278,"column":20}},"loc":{"start":{"line":278,"column":20},"end":{"line":302,"column":null}}},"11":{"name":"getPayloadConfigFromPayload","decl":{"start":{"line":308,"column":9},"end":{"line":308,"column":null}},"loc":{"start":{"line":311,"column":13},"end":{"line":344,"column":null}}}},"branchMap":{"0":{"loc":{"start":{"line":30,"column":2},"end":{"line":32,"column":null}},"type":"if","locations":[{"start":{"line":30,"column":2},"end":{"line":32,"column":null}}]},"1":{"loc":{"start":{"line":50,"column":27},"end":{"line":50,"column":60}},"type":"binary-expr","locations":[{"start":{"line":50,"column":27},"end":{"line":50,"column":33}},{"start":{"line":50,"column":33},"end":{"line":50,"column":60}}]},"2":{"loc":{"start":{"line":74,"column":20},"end":{"line":74,"column":48}},"type":"binary-expr","locations":[{"start":{"line":74,"column":20},"end":{"line":74,"column":32}},{"start":{"line":74,"column":36},"end":{"line":74,"column":48}}]},"3":{"loc":{"start":{"line":77,"column":2},"end":{"line":79,"column":null}},"type":"if","locations":[{"start":{"line":77,"column":2},"end":{"line":79,"column":null}}]},"4":{"loc":{"start":{"line":91,"column":6},"end":{"line":92,"column":22}},"type":"binary-expr","locations":[{"start":{"line":91,"column":6},"end":{"line":91,"column":64}},{"start":{"line":92,"column":6},"end":{"line":92,"column":22}}]},"5":{"loc":{"start":{"line":93,"column":11},"end":{"line":93,"column":null}},"type":"cond-expr","locations":[{"start":{"line":93,"column":19},"end":{"line":93,"column":48}},{"start":{"line":93,"column":51},"end":{"line":93,"column":null}}]},"6":{"loc":{"start":{"line":111,"column":2},"end":{"line":111,"column":19}},"type":"default-arg","locations":[{"start":{"line":111,"column":14},"end":{"line":111,"column":19}}]},"7":{"loc":{"start":{"line":112,"column":2},"end":{"line":112,"column":19}},"type":"default-arg","locations":[{"start":{"line":112,"column":1
[...]
"end":{"line":90,"column":26}},"3":{"start":{"line":10,"column":16},"end":{"line":10,"column":28}},"4":{"start":{"line":79,"column":16},"end":{"line":79,"column":27}},"5":{"start":{"line":117,"column":16},"end":{"line":117,"column":25}},"6":{"start":{"line":55,"column":16},"end":{"line":55,"column":28}},"7":{"start":{"line":105,"column":16},"end":{"line":105,"column":24}},"8":{"start":{"line":111,"column":16},"end":{"line":111,"column":24}},"9":{"start":{"line":67,"column":16},"end":{"line":67,"column":28}},"10":{"start":{"line":73,"column":16},"end":{"line":73,"column":28}},"11":{"start":{"line":100,"column":16},"end":{"line":100,"column":21}},"12":{"start":{"line":40,"column":16},"end":{"line":40,"column":24}},"13":{"start":{"line":22,"column":16},"end":{"line":22,"column":28}},"14":{"start":{"line":1,"column":38},"end":{"line":1,"column":null}},"15":{"start":{"line":2,"column":24},"end":{"line":2,"column":null}},"16":{"start":{"line":5,"column":2},"end":{"line":5,"column":null}},"17":{"start":{"line":11,"column":2},"end":{"line":18,"column":null}},"18":{"start":{"line":23,"column":2},"end":{"line":23,"column":null}},"19":{"start":{"line":23,"column":32},"end":{"line":23,"column":null}},"20":{"start":{"line":24,"column":2},"end":{"line":24,"column":null}},"21":{"start":{"line":33,"column":2},"end":{"line":36,"column":null}},"22":{"start":{"line":34,"column":4},"end":{"line":34,"column":null}},"23":{"start":{"line":35,"column":4},"end":{"line":35,"column":null}},"24":{"start":{"line":35,"column":31},"end":{"line":35,"column":46}},"25":{"start":{"line":45,"column":2},"end":{"line":51,"column":null}},"26":{"start":{"line":46,"column":4},"end":{"line":50,"column":null}},"27":{"start":{"line":47,"column":6},"end":{"line":47,"column":null}},"28":{"start":{"line":48,"column":6},"end":{"line":48,"column":null}},"29":{"start":{"line":49,"column":6},"end":{"line":49,"column":null}},"30":{"start":{"line":49,"column":24},"end":{"line":49,"column":45}},"31":{"start":{"line":56,"column":15},"end":{"line":56,"column":null}},"32":{"start":{"line":57,"column":2},"end":{"line":61,"column":75}},"33":{"start":{"line":68,"column":21},"end":{"line":68,"column":null}},"34":{"start":{"line":69,"column":2},"end":{"line":69,"column":null}},"35":{"start":{"line":74,"column":21},"end":{"line":74,"column":null}},"36":{"start":{"line":75,"column":2},"end":{"line":75,"column":null}},"37":{"start":{"line":80,"column":2},"end":{"line":85,"column":null}},"38":{"start":{"line":82,"column":17},"end":{"line":82,"column":null}},"39":{"start":{"line":91,"column":16},"end":{"line":91,"column":null}},"40":{"start":{"line":92,"column":15},"end":{"line":92,"column":null}},"41":{"start":{"line":93,"column":2},"end":{"line":95,"column":null}},"42":{"start":{"line":93,"column":15},"end":{"line":93,"column":18}},"43":{"start":{"line":94,"column":4},"end":{"line":94,"column":null}},"44":{"start":{"line":96,"column":2},"end":{"line":96,"column":null}},"45":{"start":{"line":101,"column":2},"end":{"line":101,"column":null}},"46":{"start":{"line":101,"column":32},"end":{"line":101,"column":null}},"47":{"start":{"line":106,"column":2},"end":{"line":106,"column":null}},"48":{"start":{"line":106,"column":37},"end":{"line":106,"column":null}},"49":{"start":{"line":107,"column":2},"end":{"line":107,"column":null}},"50":{"start":{"line":112,"column":2},"end":{"line":112,"column":null}},"51":{"start":{"line":112,"column":37},"end":{"line":112,"column":null}},"52":{"start":{"line":113,"column":2},"end":{"line":113,"column":null}},"53":{"start":{"line":118,"column":2},"end":{"line":118,"column":null}},"54":{"start":{"line":118,"column":37},"end":{"line":118,"column":null}},"55":{"start":{"line":119,"column":2},"end":{"line":119,"column":null}}},"fnMap":{"0":{"name":"cn","decl":{"start":{"line":4,"column":16},"end":{"line":4,"column":18}},"loc":{"start":{"line":4,"column":42},"end":{"line":6,"column":null}}},"1":{"name":"generateSlug","decl":{"start":{"line":10,"column":16},"end":{"line":10,"column":28}},"loc":{"start":{"line":10,"column":41},"end":{"line":19,"column":null}}},"2":{"name":"truncateText","decl":{"start":{"line":22,"column":16},"end":{"line":22,"column":28}},"loc":{"start":{"line":22,"column":60},"end":{"line":25,"column":null}}},"3":{"name":"debounce","decl":{"start":{"line":28,"column":16},"end":{"line":28,"column":24}},"loc":{"start":{"line":30,"column":14},"end":{"line":37,"column":null}}},"4":{"name":"(anonymous_19)","decl":{"start":{"line":33,"column":9},"end":{"line":33,"column":10}},"loc":{"start":{"line":33,"column":13},"end":{"line":36,"column":null}}},"5":{"name":"(anonymous_20)","decl":{"start":{"line":35,"column":25},"end":{"line":35,"column":31}},"loc":{"start":{"line":35,"column":31},"end":{"line":35,"column":46}}},"6":{"name":"throttle","decl":{"start":{"line":40,"column":16},"end":{"line":40,"column":24}},"loc":{"start":{"line":42,"column":15},"end":{"line":52,"column":null}}},"7":{"name":"(anonymous_22)","decl":{"start":{"line":45,"column":9},"end":{"line":45,"column":10}},"loc":{"start":{"line":45,"column":13},"end":{"line":51,"column":null}}},"8":{"name":"(anonymous_23)","decl":{"start":{"line":49,"column":17},"end":{"line":49,"column":24}},"loc":{"start":{"line":49,"column":24},"end":{"line":49,"column":45}}},"9":{"name":"isInViewport","decl":{"start":{"line":55,"column":16},"end":{"line":55,"column":28}},"loc":{"start":{"line":55,"column":45},"end":{"line":63,"column":null}}},"10":{"name":"isValidEmail","decl":{"start":{"line":67,"column":16},"end":{"line":67,"column":28}},"loc":{"start":{"line":67,"column":42},"end":{"line":70,"column":null}}},"11":{"name":"isValidPhone","decl":{"start":{"line":73,"column":16},"end":{"line":73,"column":28}},"loc":{"start":{"line":73,"column":42},"end":{"line":76,"column":null}}},"12":{"name":"getInitials","decl":{"start":{"line":79,"column":16},"end":{"line":79,"column":27}},"loc":{"start":{"line":79,"column":40},"end":{"line":86,"column":null}}},"13":{"name":"(anonymous_28)","decl":{"start":{"line":82,"column":9},"end":{"line":82,"column":17}},"loc":{"start":{"line":82,"column":17},"end":{"line":82,"column":null}}},"14":{"name":"generateId","decl":{"start":{"line":90,"column":16},"end":{"line":90,"column":26}},"loc":{"start":{"line":90,"column":37},"end":{"line":97,"column":null}}},"15":{"name":"sleep","decl":{"start":{"line":100,"column":16},"end":{"line":100,"column":21}},"loc":{"start":{"line":100,"column":32},"end":{"line":102,"column":null}}},"16":{"name":"(anonymous_31)","decl":{"start":{"line":101,"column":21},"end":{"line":101,"column":32}},"loc":{"start":{"line":101,"column":32},"end":{"line":101,"column":null}}},"17":{"name":"isMobile","decl":{"start":{"line":105,"column":16},"end":{"line":105,"column":24}},"loc":{"start":{"line":105,"column":16},"end":{"line":108,"column":null}}},"18":{"name":"isTablet","decl":{"start":{"line":111,"column":16},"end":{"line":111,"column":24}},"loc":{"start":{"line":111,"column":16},"end":{"line":114,"column":null}}},"19":{"name":"isDesktop","decl":{"start":{"line":117,"column":16},"end":{"line":117,"column":25}},"loc":{"start":{"line":117,"column":16},"end":{"line":120,"column":null}}}},"branchMap":{"0":{"loc":{"start":{"line":23,"column":2},"end":{"line":23,"column":null}},"type":"if","locations":[{"start":{"line":23,"column":2},"end":{"line":23,"column":null}}]},"1":{"loc":{"start":{"line":46,"column":4},"end":{"line":50,"column":null}},"type":"if","locations":[{"start":{"line":46,"column":4},"end":{"line":50,"column":null}}]},"2":{"loc":{"start":{"line":58,"column":4},"end":{"line":61,"column":75}},"type":"binary-expr","locations":[{"start":{"line":58,"column":4},"end":{"line":58,"column":null}},{"start":{"line":59,"column":4},"end":{"line":59,"column":null}},{"start":{"line":60,"column":4},"end":{"line":60,"column":78}},{"start":{"line":61,"column":4},"end":{"line":61,"column":75}}]},"3":{"loc":{"start":{"line":60,"column":20},"end":{"line":60,"column":78}},"type":"binary-expr","locations":[{"start":{"line":60,"column":20},"end":{"line":60,"column":38}},{"start":{"line":60,"column":42},"end":{"line":60,"column":78}}]},"4":{"loc":{"start":{"line":61,"column":19},"end":{"line":61,"column":75}},"type":"binary-expr","locations":[{"start":{"line":61,"column":19},"end":{"line":61,"column":36}},{"start":{"line":61,"column":40},"end":{"line":61,"column":75}}]},"5":{"loc":{"start":{"line":90,"column":27},"end":{"line":90,"column":37}},"type":"default-arg","locations":[{"start":{"line":90,"column":36},"end":{"line":90,"column":37}}]},"6":{"loc":{"start":{"line":106,"column":2},"end":{"line":106,"column":null}},"type":"if","locations":[{"start":{"line":106,"column":2},"end":{"line":106,"column":null}}]},"7":{"loc":{"start":{"line":112,"column":2},"end":{"line":112,"column":null}},"type":"if","locations":[{"start":{"line":112,"column":2},"end":{"line":112,"column":null}}]},"8":{"loc":{"start":{"line":113,"column":9},"end":{"line":113,"column":null}},"type":"binary-expr","locations":[{"start":{"line":113,"column":9},"end":{"line":113,"column":37}},{"start":{"line":113,"column":37},"end":{"line":113,"column":null}}]},"9":{"loc":{"start":{"line":118,"column":2},"end":{"line":118,"column":null}},"type":"if","locations":[{"start":{"line":118,"column":2},"end":{"line":118,"column":null}}]}},"s":{"0":126,"1":0,"2":0,"3":0,"4":0,"5":0,"6":0,"7":0,"8":0,"9":0,"10":0,"11":0,"12":0,"13":0,"14":2,"15":2,"16":126,"17":0,"18":0,"19":0,"20":0,"21":0,"22":0,"23":0,"24":0,"25":0,"26":0,"27":0,"28":0,"29":0,"30":0,"31":0,"32":0,"33":0,"34":0,"35":0,"36":0,"37":0,"38":0,"39":0,"40":0,"41":0,"42":0,"43":0,"44":0,"45":0,"46":0,"47":0,"48":0,"49":0,"50":0,"51":0,"52":0,"53":0,"54":0,"55":0},"f":{"0":126,"1":0,"2":0,"3":0,"4":0,"5":0,"6":0,"7":0,"8":0,"9":0,"10":0,"11":0,"12":0,"13":0,"14":0,"15":0,"16":0,"17":0,"18":0,"19":0},"b":{"0":[0],"1":[0],"2":[0,0,0,0],"3":[0,0],"4":[0,0],"5":[0],"6":[0],"7":[0],"8":[0,0],"9":[0]}}
,"/Users/danielasilva/Desktop/Dogwarts/dogwarts-website/lib/validation.ts": {"path":"/Users/danielasilva/Desktop/Dogwarts/dogwarts-website/lib/validation.ts","statementMap":{"0":{"start":{"line":8,"column":16},"end":{"line":8,"column":29}},"1":{"start":{"line":79,"column":16},"end":{"line":79,"column":28}},"2":{"start":{"line":55,"column":16},"end":{"line":55,"column":31}},"3":{"start":{"line":38,"column":16},"end":{"line":38,"column":28}},"4":{"start":{"line":123,"column":16},"end":{"line":123,"column":32}},"5":{"start":{"line":22,"column":16},"end":{"line":22,"column":29}},"6":{"start":{"line":109,"column":16},"end":{"line":109,"column":27}},"7":{"start":{"line":9,"column":2},"end":{"line":11,"column":null}},"8":{"start":{"line":10,"column":4},"end":{"line":10,"column":null}},"9":{"start":{"line":13,"column":21},"end":{"line":13,"column":null}},"10":{"start":{"line":14,"column":2},"end":{"line":16,"column":null}},"11":{"start":{"line":15,"column":4},"end":{"line":15,"column":null}},"12":{"start":{"line":18,"column":2},"end":{"line":18,"column":null}},"13":{"start":{"line":23,"column":2},"end":{"line":25,"column":null}},"14":{"start":{"line":24,"column":4},"end":{"line":24,"column":null}},"15":{"start":{"line":27,"column":21},"end":{"line":27,"column":null}},"16":{"start":{"line":28,"column":23},"end":{"line":28,"column":null}},"17":{"start":{"line":30,"column":2},"end":{"line":32,"column":null}},"18":{"start":{"line":31,"column":4},"end":{"line":31,"column":null}},"19":{"start":{"line":34,"column":2},"end":{"line":34,"column":null}},"20":{"start":{"line":39,"column":2},"end":{"line":41,"column":null}},"21":{"start":{"line":40,"column":4},"end":{"line":40,"column":null}},"22":{"start":{"line":43,"column":2},"end":{"line":45,"column":null}},"23":{"start":{"line":44,"column":4},"end":{"line":44,"column":null}},"24":{"start":{"line":47,"column":2},"end":{"line":49,"column":null}},"25":{"start":{"line":48,"column":4},"end":{"line":48,"column":null}},"26":{"start":{"line":51,"column":2},"end":{"line":51,"column":null}},"27":{"start":{"line":56,"column":2},"end":{"line":58,"column":null}},"28":{"start":{"line":57,"column":4},"end":{"line":57,"column":null}},"29":{"start":{"line":60,"column":2},"end":{"line":62,"column":null}},"30":{"start":{"line":61,"column":4},"end":{"line":61,"column":null}},"31":{"start":{"line":64,"column":2},"end":{"line":66,"column":null}},"32":{"start":{"line":65,"column":4},"end":{"line":65,"column":null}},"33":{"start":{"line":68,"column":2},"end":{"line":68,"column":null}},"34":{"start":{"line":80,"column":41},"end":{"line":80,"column":null}},"35":{"start":{"line":82,"column":21},"end":{"line":82,"column":null}},"36":{"start":{"line":83,"column":2},"end":{"line":85,"column":null}},"37":{"start":{"line":84,"column":4},"end":{"line":84,"column":null}},"38":{"start":{"line":87,"column":22},"end":{"line":87,"column":null}},"39":{"start":{"line":88,"column":2},"end":{"line":90,"column":null}},"40":{"start":{"line":89,"column":4},"end":{"line":89,"column":null}},"41":{"start":{"line":92,"column":22},"end":{"line":92,"column":null}},"42":{"start":{"line":93,"column":2},"end":{"line":95,"column":null}},"43":{"start":{"line":94,"column":4},"end":{"line":94,"column":null}},"44":{"start":{"line":97,"column":24},"end":{"line":97,"column":null}},"45":{"start":{"line":98,"column":2},"end":{"line":100,"column":null}},"46":{"start":{"line":99,"column":4},"end":{"line":99,"column":null}},"47":{"start":{"line":102,"column":2},"end":{"line":105,"column":null}},"48":{"start":{"line":110,"column":2},"end":{"line":112,"column":null}},"49":{"start":{"line":111,"column":4},"end":{"line":111,"column":null}},"50":{"start":{"line":114,"column":2},"end":{"line":119,"column":null}},"51":{"start":{"line":115,"column":4},"end":{"line":115,"column":null}},"52":{"start":{"line":116,"column":4},"end":{"line":116,"column":null}},"53":{"start":{"line":118,"column":4},"end":{"line":118,"column":null}},"54":{"start":{"line":124,"column":2},"end":{"line":126,"column":null}},"55":{"start":{"line":125,"column":4},"end":{"line":125,"column":null}},"56":{"start":{"line":128,"column":2},"end":{"line":130,"column":null}},"57":{"start":{"line":129,"column":4},"end":{"line":129,"column":null}},"58":{"start":{"line":132,"column":2},"end":{"line":134,"column":null}},"59":{"start":{"line":133,"column":4},"end":{"line":133,"column":null}},"60":{"start":{"line":136,"column":2},"end":{"line":138,"column":null}},"61":{"start":{"line":137,"column":4},"end":{"line":137,"column":null}},"62":{"start":{"line":140,"column":2},"end":{"line":142,"column":null}},"63":{"start":{"line":141,"column":4},"end":{"line":141,"column":null}},"64":{"start":{"line":144,"column":2},"end":{"line":144,"column":null}}},"fnMap":{"0":{"name":"validateEmail","decl":{"start":{"line":8,"column":16},"end":{"line":8,"column":29}},"loc":{"start":{"line":8,"column":43},"end":{"line":19,"column":null}}},"1":{"name":"validatePhone","decl":{"start":{"line":22,"column":16},"end":{"line":22,"column":29}},"loc":{"start":{"line":22,"column":43},"end":{"line":35,"column":null}}},"2":{"name":"validateName","decl":{"start":{"line":38,"column":16},"end":{"line":38,"column":28}},"loc":{"start":{"line":38,"column":41},"end":{"line":52,"column":null}}},"3":{"name":"validateMessage","decl":{"start":{"line":55,"column":16},"end":{"line":55,"column":31}},"loc":{"start":{"line":55,"column":47},"end":{"line":69,"column":null}}},"4":{"name":"validateForm","decl":{"start":{"line":79,"column":16},"end":{"line":79,"column":28}},"loc":{"start":{"line":79,"column":43},"end":{"line":106,"column":null}}},"5":{"name":"validateUrl","decl":{"start":{"line":109,"column":16},"end":{"line":109,"column":27}},"loc":{"start":{"line":109,"column":39},"end":{"line":120,"column":null}}},"6":{"name":"validatePassword","decl":{"start":{"line":123,"column":16},"end":{"line":123,"column":32}},"loc":{"start":{"line":123,"column":49},"end":{"line":145,"column":null}}}},"branchMap":{"0":{"loc":{"start":{"line":9,"column":2},"end":{"line":11,"column":null}},"type":"if","locations":[{"start":{"line":9,"column":2},"end":{"line":11,"column":null}}]},"1":{"loc":{"start":{"line":14,"column":2},"end":{"line":16,"column":null}},"type":"if","locations":[{"start":{"line":14,"column":2},"end":{"line":16,"column":null}}]},"2":{"loc":{"start":{"line":23,"column":2},"end":{"line":25,"column":null}},"type":"if","locations":[{"start":{"line":23,"column":2},"end":{"line":25,"column":null}}]},"3":{"loc":{"start":{"line":30,"column":2},"end":{"line":32,"column":null}},"type":"if","locations":[{"start":{"line":30,"column":2},"end":{"line":32,"column":null}}]},"4":{"loc":{"start":{"line":39,"column":2},"end":{"line":41,"column":null}},"type":"if","locations":[{"start":{"line":39,"column":2},"end":{"line":41,"column":null}}]},"5":{"loc":{"start":{"line":43,"column":2},"end":{"line":45,"column":null}},"type":"if","locations":[{"start":{"line":43,"column":2},"end":{"line":45,"column":null}}]},"6":{"loc":{"start":{"line":47,"column":2},"end":{"line":49,"column":null}},"type":"if","locations":[{"start":{"line":47,"column":2},"end":{"line":49,"column":null}}]},"7":{"loc":{"start":{"line":56,"column":2},"end":{"line":58,"column":null}},"type":"if","locations":[{"start":{"line":56,"column":2},"end":{"line":58,"column":null}}]},"8":{"loc":{"start":{"line":60,"column":2},"end":{"line":62,"column":null}},"type":"if","locations":[{"start":{"line":60,"column":2},"end":{"line":62,"column":null}}]},"9":{"loc":{"start":{"line":64,"column":2},"end":{"line":66,"column":null}},"type":"if","locations":[{"start":{"line":64,"column":2},"end":{"line":66,"column":null}}]},"10":{"loc":{"start":{"line":83,"column":2},"end":{"line":85,"column":null}},"type":"if","locations":[{"start":{"line":83,"column":2},"end":{"line":85,"column":null}}]},"11":{"loc":{"start":{"line":88,"column":2},"end":{"line":90,"column":null}},"type":"if","locations":[{"start":{"line":88,"column":2},"end":{"line":90,"column":null}}]},"12":{"loc":{"start":{"line":93,"column":2},"end":{"line":95,"column":null}},"type":"if","locations":[{"start":{"line":93,"column":2},"end":{"line":95,"column":null}}]},"13":{"loc":{"start":{"line":98,"column":2},"end":{"line":100,"column":null}},"type":"if","locations":[{"start":{"line":98,"column":2},"end":{"line":100,"column":null}}]},"14":{"loc":{"start":{"line":110,"column":2},"end":{"line":112,"column":null}},"type":"if","locations":[{"start":{"line":110,"column":2},"end":{"line":112,"column":null}}]},"15":{"loc":{"start":{"line":124,"column":2},"end":{"line":126,"column":null}},"type":"if","locations":[{"start":{"line":124,"column":2},"end":{"line":126,"column":null}}]},"16":{"loc":{"start":{"line":128,"column":2},"end":{"line":130,"column":null}},"type":"if","locations":[{"start":{"line":128,"column":2},"end":{"line":130,"column":null}}]},"17":{"loc":{"start":{"line":132,"column":2},"end":{"line":134,"column":null}},"type":"if","locations":[{"start":{"line":132,"column":2},"end":{"line":134,"column":null}}]},"18":{"loc":{"start":{"line":136,"column":2},"end":{"line":138,"column":null}},"type":"if","locations":[{"start":{"line":136,"column":2},"end":{"line":138,"column":null}}]},"19":{"loc":{"start":{"line":140,"column":2},"end":{"line":142,"column":null}},"type":"if","locations":[{"start":{"line":140,"column":2},"end":{"line":142,"column":null}}]}},"s":{"0":0,"1":0,"2":0,"3":0,"4":0,"5":0,"6":0,"7":0,"8":0,"9":0,"10":0,"11":0,"12":0,"13":0,"14":0,"15":0,"16":0,"17":0,"18":0,"19":0,"20":0,"21":0,"22":0,"23":0,"24":0,"25":0,"26":0,"27":0,"28":0,"29":0,"30":0,"31":0,"32":0,"33":0,"34":0,"35":0,"36":0,"37":0,"38":0,"39":0,"40":0,"41":0,"42":0,"43":0,"44":0,"45":0,"46":0,"47":0,"48":0,"49":0,"50":0,"51":0,"52":0,"53":0,"54":0,"55":0,"56":0,"57":0,"58":0,"59":0,"60":0,"61":0,"62":0,"63":0,"64":0},"f":{"0":0,"1":0,"2":0,"3":0,"4":0,"5":0,"6":0},"b":{"0":[0],"1":[0],"2":[0],"3":[0],"4":[0],"5":[0],"6":[0],"7":[0],"8":[0],"9":[0],"10":[0],"11":[0],"12":[0],"13":[0],"14":[0],"15":[0],"16":[0],"17":[0],"18":[0],"19":[0]}}
}
